{"meta": {"format": 3, "version": "7.8.0", "timestamp": "2025-06-03T14:14:09.409300", "branch_coverage": false, "show_contexts": false}, "files": {"custom_token.py": {"executed_lines": [1, 3, 4, 5, 6, 7, 8, 9, 11, 12, 13, 17, 20, 25, 26, 27, 30, 31, 32, 33, 34, 37, 38, 45, 52, 70, 71, 73, 74, 76, 77, 80, 81, 83, 87, 90, 97, 98, 100, 101, 104, 107, 108, 110, 112, 113, 114, 115, 116, 117, 120, 137, 138, 139, 140, 141, 143, 145, 148, 149, 150, 151, 153, 155, 156, 157, 160, 176, 177, 178, 179, 181, 182, 183, 185, 186, 187, 189, 190, 191, 193, 194, 196, 197, 198, 199, 200, 201, 202, 203, 204, 205, 208, 220, 221, 222, 226], "summary": {"covered_lines": 94, "num_statements": 94, "percent_covered": 100.0, "percent_covered_display": "100", "missing_lines": 0, "excluded_lines": 0}, "missing_lines": [], "excluded_lines": [], "functions": {"create_access_token": {"executed_lines": [70, 71, 73, 74, 76, 77, 80, 81, 83, 87, 90, 97, 98, 100, 101, 104, 107, 108, 110, 112, 113, 114, 115, 116, 117], "summary": {"covered_lines": 25, "num_statements": 25, "percent_covered": 100.0, "percent_covered_display": "100", "missing_lines": 0, "excluded_lines": 0}, "missing_lines": [], "excluded_lines": []}, "verify_token_with_type": {"executed_lines": [137, 138, 139, 140, 141, 143, 145, 148, 149, 150, 151, 153, 155, 156, 157], "summary": {"covered_lines": 15, "num_statements": 15, "percent_covered": 100.0, "percent_covered_display": "100", "missing_lines": 0, "excluded_lines": 0}, "missing_lines": [], "excluded_lines": []}, "verify_token": {"executed_lines": [176, 177, 178, 179, 181, 182, 183, 185, 186, 187, 189, 190, 191, 193, 194, 196, 197, 198, 199, 200, 201, 202, 203, 204, 205], "summary": {"covered_lines": 25, "num_statements": 25, "percent_covered": 100.0, "percent_covered_display": "100", "missing_lines": 0, "excluded_lines": 0}, "missing_lines": [], "excluded_lines": []}, "get_user_by_id": {"executed_lines": [220, 221, 222, 226], "summary": {"covered_lines": 4, "num_statements": 4, "percent_covered": 100.0, "percent_covered_display": "100", "missing_lines": 0, "excluded_lines": 0}, "missing_lines": [], "excluded_lines": []}, "": {"executed_lines": [1, 3, 4, 5, 6, 7, 8, 9, 11, 12, 13, 17, 20, 25, 26, 27, 30, 31, 32, 33, 34, 37, 38, 45, 52, 120, 160, 208], "summary": {"covered_lines": 25, "num_statements": 25, "percent_covered": 100.0, "percent_covered_display": "100", "missing_lines": 0, "excluded_lines": 0}, "missing_lines": [], "excluded_lines": []}}, "classes": {"TokenType": {"executed_lines": [], "summary": {"covered_lines": 0, "num_statements": 0, "percent_covered": 100.0, "percent_covered_display": "100", "missing_lines": 0, "excluded_lines": 0}, "missing_lines": [], "excluded_lines": []}, "TokenConfig": {"executed_lines": [], "summary": {"covered_lines": 0, "num_statements": 0, "percent_covered": 100.0, "percent_covered_display": "100", "missing_lines": 0, "excluded_lines": 0}, "missing_lines": [], "excluded_lines": []}, "": {"executed_lines": [1, 3, 4, 5, 6, 7, 8, 9, 11, 12, 13, 17, 20, 25, 26, 27, 30, 31, 32, 33, 34, 37, 38, 45, 52, 70, 71, 73, 74, 76, 77, 80, 81, 83, 87, 90, 97, 98, 100, 101, 104, 107, 108, 110, 112, 113, 114, 115, 116, 117, 120, 137, 138, 139, 140, 141, 143, 145, 148, 149, 150, 151, 153, 155, 156, 157, 160, 176, 177, 178, 179, 181, 182, 183, 185, 186, 187, 189, 190, 191, 193, 194, 196, 197, 198, 199, 200, 201, 202, 203, 204, 205, 208, 220, 221, 222, 226], "summary": {"covered_lines": 94, "num_statements": 94, "percent_covered": 100.0, "percent_covered_display": "100", "missing_lines": 0, "excluded_lines": 0}, "missing_lines": [], "excluded_lines": []}}}, "database.py": {"executed_lines": [1, 2, 3, 4, 5, 6, 8, 9, 12, 13, 14, 15, 16, 17, 18, 21, 28, 29, 31, 35, 36, 38, 39, 41, 44, 51, 52, 55, 56, 57, 58, 59, 60, 64, 65, 67, 68, 69, 71, 72, 73, 75, 76, 77, 78, 80, 82, 83, 88, 90, 93, 94, 95, 99, 109, 110, 111, 112, 113, 114, 115, 117, 118, 119, 120, 128, 131, 132, 137, 138, 139, 143, 144, 145, 146, 150, 167, 168, 173, 174, 175, 176, 178, 181, 188, 189, 190, 191, 192, 193, 195], "summary": {"covered_lines": 87, "num_statements": 89, "percent_covered": 97.75280898876404, "percent_covered_display": "98", "missing_lines": 2, "excluded_lines": 0}, "missing_lines": [84, 86], "excluded_lines": [], "functions": {"check_env_file": {"executed_lines": [28, 29, 31, 35, 36, 38, 39], "summary": {"covered_lines": 7, "num_statements": 7, "percent_covered": 100.0, "percent_covered_display": "100", "missing_lines": 0, "excluded_lines": 0}, "missing_lines": [], "excluded_lines": []}, "read_env_var": {"executed_lines": [51, 52, 55, 56, 57, 58, 59, 60, 64, 65, 67, 68, 69, 71, 72, 73, 75, 76, 77, 78, 80, 82, 83, 88], "summary": {"covered_lines": 24, "num_statements": 26, "percent_covered": 92.3076923076923, "percent_covered_display": "92", "missing_lines": 2, "excluded_lines": 0}, "missing_lines": [84, 86], "excluded_lines": []}, "create_database_engine": {"executed_lines": [109, 110, 111, 112, 113, 114, 115, 117, 118, 119, 120, 128, 131, 132, 137, 138, 139], "summary": {"covered_lines": 17, "num_statements": 17, "percent_covered": 100.0, "percent_covered_display": "100", "missing_lines": 0, "excluded_lines": 0}, "missing_lines": [], "excluded_lines": []}, "create_session": {"executed_lines": [167, 168, 173, 174, 175, 176], "summary": {"covered_lines": 6, "num_statements": 6, "percent_covered": 100.0, "percent_covered_display": "100", "missing_lines": 0, "excluded_lines": 0}, "missing_lines": [], "excluded_lines": []}, "get_db": {"executed_lines": [188, 189, 190, 191, 192, 193, 195], "summary": {"covered_lines": 7, "num_statements": 7, "percent_covered": 100.0, "percent_covered_display": "100", "missing_lines": 0, "excluded_lines": 0}, "missing_lines": [], "excluded_lines": []}, "": {"executed_lines": [1, 2, 3, 4, 5, 6, 8, 9, 12, 13, 14, 15, 16, 17, 18, 21, 41, 44, 90, 93, 94, 95, 99, 143, 144, 145, 146, 150, 178, 181], "summary": {"covered_lines": 26, "num_statements": 26, "percent_covered": 100.0, "percent_covered_display": "100", "missing_lines": 0, "excluded_lines": 0}, "missing_lines": [], "excluded_lines": []}}, "classes": {"EnvironmentConfig": {"executed_lines": [], "summary": {"covered_lines": 0, "num_statements": 0, "percent_covered": 100.0, "percent_covered_display": "100", "missing_lines": 0, "excluded_lines": 0}, "missing_lines": [], "excluded_lines": []}, "DatabaseConnectionError": {"executed_lines": [], "summary": {"covered_lines": 0, "num_statements": 0, "percent_covered": 100.0, "percent_covered_display": "100", "missing_lines": 0, "excluded_lines": 0}, "missing_lines": [], "excluded_lines": []}, "Base": {"executed_lines": [], "summary": {"covered_lines": 0, "num_statements": 0, "percent_covered": 100.0, "percent_covered_display": "100", "missing_lines": 0, "excluded_lines": 0}, "missing_lines": [], "excluded_lines": []}, "": {"executed_lines": [1, 2, 3, 4, 5, 6, 8, 9, 12, 13, 14, 15, 16, 17, 18, 21, 28, 29, 31, 35, 36, 38, 39, 41, 44, 51, 52, 55, 56, 57, 58, 59, 60, 64, 65, 67, 68, 69, 71, 72, 73, 75, 76, 77, 78, 80, 82, 83, 88, 90, 93, 94, 95, 99, 109, 110, 111, 112, 113, 114, 115, 117, 118, 119, 120, 128, 131, 132, 137, 138, 139, 143, 144, 145, 146, 150, 167, 168, 173, 174, 175, 176, 178, 181, 188, 189, 190, 191, 192, 193, 195], "summary": {"covered_lines": 87, "num_statements": 89, "percent_covered": 97.75280898876404, "percent_covered_display": "98", "missing_lines": 2, "excluded_lines": 0}, "missing_lines": [84, 86], "excluded_lines": []}}}, "generate_summary_report.py": {"executed_lines": [], "summary": {"covered_lines": 0, "num_statements": 43, "percent_covered": 0.0, "percent_covered_display": "0", "missing_lines": 43, "excluded_lines": 0}, "missing_lines": [8, 9, 10, 11, 14, 18, 19, 20, 21, 23, 26, 27, 28, 29, 30, 33, 35, 36, 37, 40, 86, 259, 260, 261, 262, 264, 278, 279, 281, 287, 296, 297, 298, 299, 301, 312, 331, 332, 333, 335, 336, 339, 340], "excluded_lines": [], "functions": {"generate_summary_report": {"executed_lines": [], "summary": {"covered_lines": 0, "num_statements": 36, "percent_covered": 0.0, "percent_covered_display": "0", "missing_lines": 36, "excluded_lines": 0}, "missing_lines": [18, 19, 20, 21, 23, 26, 27, 28, 29, 30, 33, 35, 36, 37, 40, 86, 259, 260, 261, 262, 264, 278, 279, 281, 287, 296, 297, 298, 299, 301, 312, 331, 332, 333, 335, 336], "excluded_lines": []}, "": {"executed_lines": [], "summary": {"covered_lines": 0, "num_statements": 7, "percent_covered": 0.0, "percent_covered_display": "0", "missing_lines": 7, "excluded_lines": 0}, "missing_lines": [8, 9, 10, 11, 14, 339, 340], "excluded_lines": []}}, "classes": {"": {"executed_lines": [], "summary": {"covered_lines": 0, "num_statements": 43, "percent_covered": 0.0, "percent_covered_display": "0", "missing_lines": 43, "excluded_lines": 0}, "missing_lines": [8, 9, 10, 11, 14, 18, 19, 20, 21, 23, 26, 27, 28, 29, 30, 33, 35, 36, 37, 40, 86, 259, 260, 261, 262, 264, 278, 279, 281, 287, 296, 297, 298, 299, 301, 312, 331, 332, 333, 335, 336, 339, 340], "excluded_lines": []}}}, "hashing.py": {"executed_lines": [1, 2, 4, 12, 13, 14, 15, 20, 22, 23, 30], "summary": {"covered_lines": 9, "num_statements": 9, "percent_covered": 100.0, "percent_covered_display": "100", "missing_lines": 0, "excluded_lines": 0}, "missing_lines": [], "excluded_lines": [], "functions": {"Hash.bcrypt": {"executed_lines": [20], "summary": {"covered_lines": 1, "num_statements": 1, "percent_covered": 100.0, "percent_covered_display": "100", "missing_lines": 0, "excluded_lines": 0}, "missing_lines": [], "excluded_lines": []}, "Hash.verify": {"executed_lines": [30], "summary": {"covered_lines": 1, "num_statements": 1, "percent_covered": 100.0, "percent_covered_display": "100", "missing_lines": 0, "excluded_lines": 0}, "missing_lines": [], "excluded_lines": []}, "": {"executed_lines": [1, 2, 4, 12, 13, 14, 15, 22, 23], "summary": {"covered_lines": 7, "num_statements": 7, "percent_covered": 100.0, "percent_covered_display": "100", "missing_lines": 0, "excluded_lines": 0}, "missing_lines": [], "excluded_lines": []}}, "classes": {"Hash": {"executed_lines": [20, 30], "summary": {"covered_lines": 2, "num_statements": 2, "percent_covered": 100.0, "percent_covered_display": "100", "missing_lines": 0, "excluded_lines": 0}, "missing_lines": [], "excluded_lines": []}, "": {"executed_lines": [1, 2, 4, 12, 13, 14, 15, 22, 23], "summary": {"covered_lines": 7, "num_statements": 7, "percent_covered": 100.0, "percent_covered_display": "100", "missing_lines": 0, "excluded_lines": 0}, "missing_lines": [], "excluded_lines": []}}}, "logger/__init__.py": {"executed_lines": [1], "summary": {"covered_lines": 0, "num_statements": 0, "percent_covered": 100.0, "percent_covered_display": "100", "missing_lines": 0, "excluded_lines": 0}, "missing_lines": [], "excluded_lines": [], "functions": {"": {"executed_lines": [1], "summary": {"covered_lines": 0, "num_statements": 0, "percent_covered": 100.0, "percent_covered_display": "100", "missing_lines": 0, "excluded_lines": 0}, "missing_lines": [], "excluded_lines": []}}, "classes": {"": {"executed_lines": [1], "summary": {"covered_lines": 0, "num_statements": 0, "percent_covered": 100.0, "percent_covered_display": "100", "missing_lines": 0, "excluded_lines": 0}, "missing_lines": [], "excluded_lines": []}}}, "logger/custom_logger.py": {"executed_lines": [1, 2, 3, 6, 17, 18, 21, 22, 25, 28, 29, 30, 33, 34, 35, 38, 39, 40, 43, 49, 52, 58], "summary": {"covered_lines": 21, "num_statements": 21, "percent_covered": 100.0, "percent_covered_display": "100", "missing_lines": 0, "excluded_lines": 0}, "missing_lines": [], "excluded_lines": [], "functions": {"create_logger": {"executed_lines": [49], "summary": {"covered_lines": 1, "num_statements": 1, "percent_covered": 100.0, "percent_covered_display": "100", "missing_lines": 0, "excluded_lines": 0}, "missing_lines": [], "excluded_lines": []}, "create_error_logger": {"executed_lines": [58], "summary": {"covered_lines": 1, "num_statements": 1, "percent_covered": 100.0, "percent_covered_display": "100", "missing_lines": 0, "excluded_lines": 0}, "missing_lines": [], "excluded_lines": []}, "": {"executed_lines": [1, 2, 3, 6, 17, 18, 21, 22, 25, 28, 29, 30, 33, 34, 35, 38, 39, 40, 43, 52], "summary": {"covered_lines": 19, "num_statements": 19, "percent_covered": 100.0, "percent_covered_display": "100", "missing_lines": 0, "excluded_lines": 0}, "missing_lines": [], "excluded_lines": []}}, "classes": {"": {"executed_lines": [1, 2, 3, 6, 17, 18, 21, 22, 25, 28, 29, 30, 33, 34, 35, 38, 39, 40, 43, 49, 52, 58], "summary": {"covered_lines": 21, "num_statements": 21, "percent_covered": 100.0, "percent_covered_display": "100", "missing_lines": 0, "excluded_lines": 0}, "missing_lines": [], "excluded_lines": []}}}, "main.py": {"executed_lines": [1, 2, 3, 4, 5, 7, 8, 9, 10, 12, 15, 16, 19, 26, 27, 28, 29, 34, 35, 36, 39, 44, 47, 55, 58, 61, 65, 69, 71, 72, 73, 75, 77, 84, 90, 91, 96, 102, 103, 104], "summary": {"covered_lines": 39, "num_statements": 42, "percent_covered": 92.85714285714286, "percent_covered_display": "93", "missing_lines": 3, "excluded_lines": 0}, "missing_lines": [30, 40, 42], "excluded_lines": [], "functions": {"handler": {"executed_lines": [65, 69, 71, 72, 73, 75, 77, 84, 90, 91, 96], "summary": {"covered_lines": 11, "num_statements": 11, "percent_covered": 100.0, "percent_covered_display": "100", "missing_lines": 0, "excluded_lines": 0}, "missing_lines": [], "excluded_lines": []}, "": {"executed_lines": [1, 2, 3, 4, 5, 7, 8, 9, 10, 12, 15, 16, 19, 26, 27, 28, 29, 34, 35, 36, 39, 44, 47, 55, 58, 61, 102, 103, 104], "summary": {"covered_lines": 28, "num_statements": 31, "percent_covered": 90.3225806451613, "percent_covered_display": "90", "missing_lines": 3, "excluded_lines": 0}, "missing_lines": [30, 40, 42], "excluded_lines": []}}, "classes": {"": {"executed_lines": [1, 2, 3, 4, 5, 7, 8, 9, 10, 12, 15, 16, 19, 26, 27, 28, 29, 34, 35, 36, 39, 44, 47, 55, 58, 61, 65, 69, 71, 72, 73, 75, 77, 84, 90, 91, 96, 102, 103, 104], "summary": {"covered_lines": 39, "num_statements": 42, "percent_covered": 92.85714285714286, "percent_covered_display": "93", "missing_lines": 3, "excluded_lines": 0}, "missing_lines": [30, 40, 42], "excluded_lines": []}}}, "models.py": {"executed_lines": [1, 2, 3, 4, 5, 6, 8, 9, 12, 13, 23, 26, 27, 28, 29, 31, 33, 35, 36, 39, 40, 50, 53, 54, 55, 56, 57, 59, 62, 63, 64, 66, 67, 68, 69, 70, 71, 72, 74, 75, 77], "summary": {"covered_lines": 37, "num_statements": 37, "percent_covered": 100.0, "percent_covered_display": "100", "missing_lines": 0, "excluded_lines": 0}, "missing_lines": [], "excluded_lines": [], "functions": {"Article.__post_init__": {"executed_lines": [36], "summary": {"covered_lines": 1, "num_statements": 1, "percent_covered": 100.0, "percent_covered_display": "100", "missing_lines": 0, "excluded_lines": 0}, "missing_lines": [], "excluded_lines": []}, "EmailVerification.create_verification": {"executed_lines": [77], "summary": {"covered_lines": 1, "num_statements": 1, "percent_covered": 100.0, "percent_covered_display": "100", "missing_lines": 0, "excluded_lines": 0}, "missing_lines": [], "excluded_lines": []}, "": {"executed_lines": [1, 2, 3, 4, 5, 6, 8, 9, 12, 13, 23, 26, 27, 28, 29, 31, 33, 35, 39, 40, 50, 53, 54, 55, 56, 57, 59, 62, 63, 64, 66, 67, 68, 69, 70, 71, 72, 74, 75], "summary": {"covered_lines": 35, "num_statements": 35, "percent_covered": 100.0, "percent_covered_display": "100", "missing_lines": 0, "excluded_lines": 0}, "missing_lines": [], "excluded_lines": []}}, "classes": {"Article": {"executed_lines": [36], "summary": {"covered_lines": 1, "num_statements": 1, "percent_covered": 100.0, "percent_covered_display": "100", "missing_lines": 0, "excluded_lines": 0}, "missing_lines": [], "excluded_lines": []}, "User": {"executed_lines": [], "summary": {"covered_lines": 0, "num_statements": 0, "percent_covered": 100.0, "percent_covered_display": "100", "missing_lines": 0, "excluded_lines": 0}, "missing_lines": [], "excluded_lines": []}, "EmailVerification": {"executed_lines": [77], "summary": {"covered_lines": 1, "num_statements": 1, "percent_covered": 100.0, "percent_covered_display": "100", "missing_lines": 0, "excluded_lines": 0}, "missing_lines": [], "excluded_lines": []}, "": {"executed_lines": [1, 2, 3, 4, 5, 6, 8, 9, 12, 13, 23, 26, 27, 28, 29, 31, 33, 35, 39, 40, 50, 53, 54, 55, 56, 57, 59, 62, 63, 64, 66, 67, 68, 69, 70, 71, 72, 74, 75], "summary": {"covered_lines": 35, "num_statements": 35, "percent_covered": 100.0, "percent_covered_display": "100", "missing_lines": 0, "excluded_lines": 0}, "missing_lines": [], "excluded_lines": []}}}, "oauth2.py": {"executed_lines": [1, 2, 3, 4, 5, 7, 8, 9, 10, 11, 13, 14, 17, 20, 32, 37, 39, 40, 42, 43, 45, 50, 51, 52, 53, 54, 55, 56, 57, 58, 59, 60, 61, 62, 65, 66, 67, 68], "summary": {"covered_lines": 37, "num_statements": 37, "percent_covered": 100.0, "percent_covered_display": "100", "missing_lines": 0, "excluded_lines": 0}, "missing_lines": [], "excluded_lines": [], "functions": {"get_current_user": {"executed_lines": [32, 37, 39, 40, 42, 43, 45, 50, 51, 52, 53, 54, 55, 56, 57, 58, 59, 60, 61, 62, 65, 66, 67, 68], "summary": {"covered_lines": 24, "num_statements": 24, "percent_covered": 100.0, "percent_covered_display": "100", "missing_lines": 0, "excluded_lines": 0}, "missing_lines": [], "excluded_lines": []}, "": {"executed_lines": [1, 2, 3, 4, 5, 7, 8, 9, 10, 11, 13, 14, 17, 20], "summary": {"covered_lines": 13, "num_statements": 13, "percent_covered": 100.0, "percent_covered_display": "100", "missing_lines": 0, "excluded_lines": 0}, "missing_lines": [], "excluded_lines": []}}, "classes": {"": {"executed_lines": [1, 2, 3, 4, 5, 7, 8, 9, 10, 11, 13, 14, 17, 20, 32, 37, 39, 40, 42, 43, 45, 50, 51, 52, 53, 54, 55, 56, 57, 58, 59, 60, 61, 62, 65, 66, 67, 68], "summary": {"covered_lines": 37, "num_statements": 37, "percent_covered": 100.0, "percent_covered_display": "100", "missing_lines": 0, "excluded_lines": 0}, "missing_lines": [], "excluded_lines": []}}}, "routers/__init__.py": {"executed_lines": [1], "summary": {"covered_lines": 0, "num_statements": 0, "percent_covered": 100.0, "percent_covered_display": "100", "missing_lines": 0, "excluded_lines": 0}, "missing_lines": [], "excluded_lines": [], "functions": {"": {"executed_lines": [1], "summary": {"covered_lines": 0, "num_statements": 0, "percent_covered": 100.0, "percent_covered_display": "100", "missing_lines": 0, "excluded_lines": 0}, "missing_lines": [], "excluded_lines": []}}, "classes": {"": {"executed_lines": [1], "summary": {"covered_lines": 0, "num_statements": 0, "percent_covered": 100.0, "percent_covered_display": "100", "missing_lines": 0, "excluded_lines": 0}, "missing_lines": [], "excluded_lines": []}}}, "routers/article.py": {"executed_lines": [1, 2, 3, 4, 5, 6, 7, 9, 10, 11, 12, 13, 16, 22, 27, 58, 60, 63, 66, 67, 68, 73, 74, 77, 79, 80, 86, 87, 88, 91, 94, 95, 100, 106, 116, 121, 141, 142, 143, 144, 145, 147, 149, 154, 155, 161, 168, 171, 195, 196, 200, 201, 206, 207, 209, 215, 216, 217, 218, 226, 231, 263, 265, 270, 271, 277, 278, 282, 283, 288, 289, 290, 291, 293, 294, 297, 299, 302, 308, 316, 320, 341, 342, 346, 347, 352, 353, 354, 355, 356, 358, 361, 365, 368, 373, 396, 398, 401, 404, 405, 407, 408, 409, 411, 412, 413, 414, 415, 420, 421, 426, 429, 430, 431, 435, 438, 443, 469, 471, 473, 474, 476, 477, 478, 485, 487, 489, 490, 491, 492, 494, 495, 496, 497, 498, 503, 509, 510, 511, 515, 518, 523, 537, 539, 540, 541, 542, 547, 548, 549, 554, 555, 557, 558, 559, 560, 564], "summary": {"covered_lines": 156, "num_statements": 156, "percent_covered": 100.0, "percent_covered_display": "100", "missing_lines": 0, "excluded_lines": 0}, "missing_lines": [], "excluded_lines": [], "functions": {"all_fetch": {"executed_lines": [58, 60, 63, 66, 67, 68, 73, 74, 77, 79, 80, 86, 87, 88, 91, 94, 95, 100, 106], "summary": {"covered_lines": 19, "num_statements": 19, "percent_covered": 100.0, "percent_covered_display": "100", "missing_lines": 0, "excluded_lines": 0}, "missing_lines": [], "excluded_lines": []}, "get_article": {"executed_lines": [141, 142, 143, 144, 145, 147, 149, 154, 155, 161], "summary": {"covered_lines": 10, "num_statements": 10, "percent_covered": 100.0, "percent_covered_display": "100", "missing_lines": 0, "excluded_lines": 0}, "missing_lines": [], "excluded_lines": []}, "create_article": {"executed_lines": [195, 196, 200, 201, 206, 207, 209, 215, 216, 217, 218], "summary": {"covered_lines": 11, "num_statements": 11, "percent_covered": 100.0, "percent_covered_display": "100", "missing_lines": 0, "excluded_lines": 0}, "missing_lines": [], "excluded_lines": []}, "update_article": {"executed_lines": [263, 265, 270, 271, 277, 278, 282, 283, 288, 289, 290, 291, 293, 294, 297, 299, 302, 308], "summary": {"covered_lines": 18, "num_statements": 18, "percent_covered": 100.0, "percent_covered_display": "100", "missing_lines": 0, "excluded_lines": 0}, "missing_lines": [], "excluded_lines": []}, "delete_article": {"executed_lines": [341, 342, 346, 347, 352, 353, 354, 355, 356, 358, 361, 365], "summary": {"covered_lines": 12, "num_statements": 12, "percent_covered": 100.0, "percent_covered_display": "100", "missing_lines": 0, "excluded_lines": 0}, "missing_lines": [], "excluded_lines": []}, "get_public_articles": {"executed_lines": [396, 398, 401, 404, 405, 407, 408, 409, 411, 412, 413, 414, 415, 420, 421, 426, 429, 430, 431, 435], "summary": {"covered_lines": 20, "num_statements": 20, "percent_covered": 100.0, "percent_covered_display": "100", "missing_lines": 0, "excluded_lines": 0}, "missing_lines": [], "excluded_lines": []}, "search_public_articles": {"executed_lines": [469, 471, 473, 474, 476, 477, 478, 485, 487, 489, 490, 491, 492, 494, 495, 496, 497, 498, 503, 509, 510, 511, 515], "summary": {"covered_lines": 23, "num_statements": 23, "percent_covered": 100.0, "percent_covered_display": "100", "missing_lines": 0, "excluded_lines": 0}, "missing_lines": [], "excluded_lines": []}, "get_public_article_by_id": {"executed_lines": [537, 539, 540, 541, 542, 547, 548, 549, 554, 555, 557, 558, 559, 560, 564], "summary": {"covered_lines": 15, "num_statements": 15, "percent_covered": 100.0, "percent_covered_display": "100", "missing_lines": 0, "excluded_lines": 0}, "missing_lines": [], "excluded_lines": []}, "": {"executed_lines": [1, 2, 3, 4, 5, 6, 7, 9, 10, 11, 12, 13, 16, 22, 27, 116, 121, 168, 171, 226, 231, 316, 320, 368, 373, 438, 443, 518, 523], "summary": {"covered_lines": 28, "num_statements": 28, "percent_covered": 100.0, "percent_covered_display": "100", "missing_lines": 0, "excluded_lines": 0}, "missing_lines": [], "excluded_lines": []}}, "classes": {"": {"executed_lines": [1, 2, 3, 4, 5, 6, 7, 9, 10, 11, 12, 13, 16, 22, 27, 58, 60, 63, 66, 67, 68, 73, 74, 77, 79, 80, 86, 87, 88, 91, 94, 95, 100, 106, 116, 121, 141, 142, 143, 144, 145, 147, 149, 154, 155, 161, 168, 171, 195, 196, 200, 201, 206, 207, 209, 215, 216, 217, 218, 226, 231, 263, 265, 270, 271, 277, 278, 282, 283, 288, 289, 290, 291, 293, 294, 297, 299, 302, 308, 316, 320, 341, 342, 346, 347, 352, 353, 354, 355, 356, 358, 361, 365, 368, 373, 396, 398, 401, 404, 405, 407, 408, 409, 411, 412, 413, 414, 415, 420, 421, 426, 429, 430, 431, 435, 438, 443, 469, 471, 473, 474, 476, 477, 478, 485, 487, 489, 490, 491, 492, 494, 495, 496, 497, 498, 503, 509, 510, 511, 515, 518, 523, 537, 539, 540, 541, 542, 547, 548, 549, 554, 555, 557, 558, 559, 560, 564], "summary": {"covered_lines": 156, "num_statements": 156, "percent_covered": 100.0, "percent_covered_display": "100", "missing_lines": 0, "excluded_lines": 0}, "missing_lines": [], "excluded_lines": []}}}, "routers/auth.py": {"executed_lines": [1, 2, 3, 4, 5, 6, 8, 9, 10, 11, 12, 13, 14, 18, 20, 21, 22, 23, 25, 26, 27, 28, 29, 32, 38, 41, 42, 43, 45, 46, 48, 49, 51, 53, 56, 57, 101, 104, 105, 107, 108, 112, 117, 118, 122, 125, 126, 130, 134, 137, 151, 152, 156, 158, 159, 160, 161, 165, 166, 167, 172, 175, 220, 222, 223, 226, 230, 243, 244, 254, 255, 256, 257, 260, 261, 298, 299, 302, 303, 304, 305, 311, 312, 313, 319, 320, 322, 323, 324, 327, 328, 330, 331, 332, 333, 334, 337, 340, 344, 345, 346, 347], "summary": {"covered_lines": 98, "num_statements": 98, "percent_covered": 100.0, "percent_covered_display": "100", "missing_lines": 0, "excluded_lines": 0}, "missing_lines": [], "excluded_lines": [], "functions": {"get_db": {"executed_lines": [41, 42, 43, 45, 46, 48, 49, 51, 53], "summary": {"covered_lines": 9, "num_statements": 9, "percent_covered": 100.0, "percent_covered_display": "100", "missing_lines": 0, "excluded_lines": 0}, "missing_lines": [], "excluded_lines": []}, "login": {"executed_lines": [101, 104, 105, 107, 108, 112, 117, 118, 122, 125, 126], "summary": {"covered_lines": 11, "num_statements": 11, "percent_covered": 100.0, "percent_covered_display": "100", "missing_lines": 0, "excluded_lines": 0}, "missing_lines": [], "excluded_lines": []}, "verify_token": {"executed_lines": [151, 152, 156, 158, 159, 160, 161, 165, 166, 167], "summary": {"covered_lines": 10, "num_statements": 10, "percent_covered": 100.0, "percent_covered_display": "100", "missing_lines": 0, "excluded_lines": 0}, "missing_lines": [], "excluded_lines": []}, "logout": {"executed_lines": [220, 222, 223], "summary": {"covered_lines": 3, "num_statements": 3, "percent_covered": 100.0, "percent_covered_display": "100", "missing_lines": 0, "excluded_lines": 0}, "missing_lines": [], "excluded_lines": []}, "get_all_blogs": {"executed_lines": [243, 244], "summary": {"covered_lines": 2, "num_statements": 2, "percent_covered": 100.0, "percent_covered_display": "100", "missing_lines": 0, "excluded_lines": 0}, "missing_lines": [], "excluded_lines": []}, "change_password": {"executed_lines": [298, 299, 302, 303, 304, 305, 311, 312, 313, 319, 320, 322, 323, 324, 327, 328, 330, 331, 332, 333, 334, 337, 340, 344, 345, 346, 347], "summary": {"covered_lines": 27, "num_statements": 27, "percent_covered": 100.0, "percent_covered_display": "100", "missing_lines": 0, "excluded_lines": 0}, "missing_lines": [], "excluded_lines": []}, "": {"executed_lines": [1, 2, 3, 4, 5, 6, 8, 9, 10, 11, 12, 13, 14, 18, 20, 21, 22, 23, 25, 26, 27, 28, 29, 32, 38, 56, 57, 130, 134, 137, 172, 175, 226, 230, 254, 255, 256, 257, 260, 261], "summary": {"covered_lines": 36, "num_statements": 36, "percent_covered": 100.0, "percent_covered_display": "100", "missing_lines": 0, "excluded_lines": 0}, "missing_lines": [], "excluded_lines": []}}, "classes": {"LoginResponse": {"executed_lines": [], "summary": {"covered_lines": 0, "num_statements": 0, "percent_covered": 100.0, "percent_covered_display": "100", "missing_lines": 0, "excluded_lines": 0}, "missing_lines": [], "excluded_lines": []}, "TokenResponse": {"executed_lines": [], "summary": {"covered_lines": 0, "num_statements": 0, "percent_covered": 100.0, "percent_covered_display": "100", "missing_lines": 0, "excluded_lines": 0}, "missing_lines": [], "excluded_lines": []}, "PasswordChangeResponse": {"executed_lines": [], "summary": {"covered_lines": 0, "num_statements": 0, "percent_covered": 100.0, "percent_covered_display": "100", "missing_lines": 0, "excluded_lines": 0}, "missing_lines": [], "excluded_lines": []}, "": {"executed_lines": [1, 2, 3, 4, 5, 6, 8, 9, 10, 11, 12, 13, 14, 18, 20, 21, 22, 23, 25, 26, 27, 28, 29, 32, 38, 41, 42, 43, 45, 46, 48, 49, 51, 53, 56, 57, 101, 104, 105, 107, 108, 112, 117, 118, 122, 125, 126, 130, 134, 137, 151, 152, 156, 158, 159, 160, 161, 165, 166, 167, 172, 175, 220, 222, 223, 226, 230, 243, 244, 254, 255, 256, 257, 260, 261, 298, 299, 302, 303, 304, 305, 311, 312, 313, 319, 320, 322, 323, 324, 327, 328, 330, 331, 332, 333, 334, 337, 340, 344, 345, 346, 347], "summary": {"covered_lines": 98, "num_statements": 98, "percent_covered": 100.0, "percent_covered_display": "100", "missing_lines": 0, "excluded_lines": 0}, "missing_lines": [], "excluded_lines": []}}}, "routers/user.py": {"executed_lines": [1, 2, 3, 4, 5, 6, 7, 8, 9, 11, 12, 13, 14, 15, 16, 17, 18, 19, 23, 24, 25, 28, 34, 43, 46, 57, 58, 61, 62, 63, 66, 67, 68, 72, 73, 74, 75, 78, 79, 80, 83, 90, 98, 100, 101, 105, 108, 109, 110, 117, 121, 122, 123, 128, 130, 134, 135, 136, 142, 143, 144, 145, 146, 148, 149, 150, 152, 153, 155, 161, 167, 168, 174, 175, 176, 177, 179, 186, 187, 188, 190, 191, 192, 193, 194, 199, 200, 203, 208, 213, 216, 217, 221, 222, 223, 228, 232, 234, 235, 236, 237, 240, 241, 245, 246, 250, 251, 257, 262, 269, 270, 271, 272, 274, 283, 284, 285, 286, 287, 288, 289, 291, 292, 295, 296, 297, 298, 299, 302, 303, 304, 305, 306, 309, 315, 333, 334, 335, 340, 341, 342, 343, 347, 349, 356, 361, 366, 371, 372, 378, 379, 380, 382, 384, 386, 389, 395, 415, 416, 419, 422, 423, 424, 430, 434, 442, 447, 448, 449, 455, 460, 461, 463, 466, 467, 468, 470, 471, 473, 476, 480, 481, 483, 486, 489, 491, 494, 496, 502, 503, 504, 506, 507, 508, 509, 514, 515, 516, 517, 518, 524, 525], "summary": {"covered_lines": 196, "num_statements": 201, "percent_covered": 97.51243781094527, "percent_covered_display": "98", "missing_lines": 5, "excluded_lines": 0}, "missing_lines": [162, 435, 436, 443, 456], "excluded_lines": [], "functions": {"check_environment_variable": {"executed_lines": [], "summary": {"covered_lines": 0, "num_statements": 0, "percent_covered": 100.0, "percent_covered_display": "100", "missing_lines": 0, "excluded_lines": 0}, "missing_lines": [], "excluded_lines": []}, "check_db_url": {"executed_lines": [], "summary": {"covered_lines": 0, "num_statements": 0, "percent_covered": 100.0, "percent_covered_display": "100", "missing_lines": 0, "excluded_lines": 0}, "missing_lines": [], "excluded_lines": []}, "create_user": {"executed_lines": [98, 100, 101, 105, 108, 109, 110, 117, 121, 122, 123, 128, 130, 134, 135, 136, 142, 143, 144, 145, 146, 148, 149, 150, 152, 153, 155, 161, 167, 168, 174, 175, 176, 177, 179, 186, 187, 188, 190, 191, 192, 193, 194, 199, 200], "summary": {"covered_lines": 45, "num_statements": 46, "percent_covered": 97.82608695652173, "percent_covered_display": "98", "missing_lines": 1, "excluded_lines": 0}, "missing_lines": [162], "excluded_lines": []}, "verify_email": {"executed_lines": [213, 216, 217, 221, 222, 223, 228, 232, 234, 235, 236, 237, 240, 241, 245, 246, 250, 251, 257, 262, 269, 270, 271, 272, 274], "summary": {"covered_lines": 25, "num_statements": 25, "percent_covered": 100.0, "percent_covered_display": "100", "missing_lines": 0, "excluded_lines": 0}, "missing_lines": [], "excluded_lines": []}, "UserNotFoundError.__init__": {"executed_lines": [286, 287, 288, 289, 291, 292], "summary": {"covered_lines": 6, "num_statements": 6, "percent_covered": 100.0, "percent_covered_display": "100", "missing_lines": 0, "excluded_lines": 0}, "missing_lines": [], "excluded_lines": []}, "EmailVerificationError.__init__": {"executed_lines": [298, 299], "summary": {"covered_lines": 2, "num_statements": 2, "percent_covered": 100.0, "percent_covered_display": "100", "missing_lines": 0, "excluded_lines": 0}, "missing_lines": [], "excluded_lines": []}, "DatabaseError.__init__": {"executed_lines": [305, 306], "summary": {"covered_lines": 2, "num_statements": 2, "percent_covered": 100.0, "percent_covered_display": "100", "missing_lines": 0, "excluded_lines": 0}, "missing_lines": [], "excluded_lines": []}, "show_user": {"executed_lines": [333, 334, 335, 340, 341, 342, 343, 347, 349], "summary": {"covered_lines": 9, "num_statements": 9, "percent_covered": 100.0, "percent_covered_display": "100", "missing_lines": 0, "excluded_lines": 0}, "missing_lines": [], "excluded_lines": []}, "resend_verification_email": {"executed_lines": [366, 371, 372, 378, 379, 380, 382, 384, 386], "summary": {"covered_lines": 9, "num_statements": 9, "percent_covered": 100.0, "percent_covered_display": "100", "missing_lines": 0, "excluded_lines": 0}, "missing_lines": [], "excluded_lines": []}, "delete_user_account": {"executed_lines": [415, 416, 419, 422, 423, 424, 430, 434, 442, 447, 448, 449, 455, 460, 461, 463, 466, 467, 468, 470, 471, 473, 476, 480, 481, 483, 486, 489, 491, 494, 496, 502, 503, 504, 506, 507, 508, 509, 514, 515, 516, 517, 518, 524, 525], "summary": {"covered_lines": 45, "num_statements": 49, "percent_covered": 91.83673469387755, "percent_covered_display": "92", "missing_lines": 4, "excluded_lines": 0}, "missing_lines": [435, 436, 443, 456], "excluded_lines": []}, "": {"executed_lines": [1, 2, 3, 4, 5, 6, 7, 8, 9, 11, 12, 13, 14, 15, 16, 17, 18, 19, 23, 24, 25, 28, 34, 43, 46, 57, 58, 61, 62, 63, 66, 67, 68, 72, 73, 74, 75, 78, 79, 80, 83, 90, 203, 208, 283, 284, 285, 295, 296, 297, 302, 303, 304, 309, 315, 356, 361, 389, 395], "summary": {"covered_lines": 53, "num_statements": 53, "percent_covered": 100.0, "percent_covered_display": "100", "missing_lines": 0, "excluded_lines": 0}, "missing_lines": [], "excluded_lines": []}}, "classes": {"IntegrityError": {"executed_lines": [], "summary": {"covered_lines": 0, "num_statements": 0, "percent_covered": 100.0, "percent_covered_display": "100", "missing_lines": 0, "excluded_lines": 0}, "missing_lines": [], "excluded_lines": []}, "SQLAlchemyError": {"executed_lines": [], "summary": {"covered_lines": 0, "num_statements": 0, "percent_covered": 100.0, "percent_covered_display": "100", "missing_lines": 0, "excluded_lines": 0}, "missing_lines": [], "excluded_lines": []}, "UserNotFoundError": {"executed_lines": [286, 287, 288, 289, 291, 292], "summary": {"covered_lines": 6, "num_statements": 6, "percent_covered": 100.0, "percent_covered_display": "100", "missing_lines": 0, "excluded_lines": 0}, "missing_lines": [], "excluded_lines": []}, "EmailVerificationError": {"executed_lines": [298, 299], "summary": {"covered_lines": 2, "num_statements": 2, "percent_covered": 100.0, "percent_covered_display": "100", "missing_lines": 0, "excluded_lines": 0}, "missing_lines": [], "excluded_lines": []}, "DatabaseError": {"executed_lines": [305, 306], "summary": {"covered_lines": 2, "num_statements": 2, "percent_covered": 100.0, "percent_covered_display": "100", "missing_lines": 0, "excluded_lines": 0}, "missing_lines": [], "excluded_lines": []}, "": {"executed_lines": [1, 2, 3, 4, 5, 6, 7, 8, 9, 11, 12, 13, 14, 15, 16, 17, 18, 19, 23, 24, 25, 28, 34, 43, 46, 57, 58, 61, 62, 63, 66, 67, 68, 72, 73, 74, 75, 78, 79, 80, 83, 90, 98, 100, 101, 105, 108, 109, 110, 117, 121, 122, 123, 128, 130, 134, 135, 136, 142, 143, 144, 145, 146, 148, 149, 150, 152, 153, 155, 161, 167, 168, 174, 175, 176, 177, 179, 186, 187, 188, 190, 191, 192, 193, 194, 199, 200, 203, 208, 213, 216, 217, 221, 222, 223, 228, 232, 234, 235, 236, 237, 240, 241, 245, 246, 250, 251, 257, 262, 269, 270, 271, 272, 274, 283, 284, 285, 295, 296, 297, 302, 303, 304, 309, 315, 333, 334, 335, 340, 341, 342, 343, 347, 349, 356, 361, 366, 371, 372, 378, 379, 380, 382, 384, 386, 389, 395, 415, 416, 419, 422, 423, 424, 430, 434, 442, 447, 448, 449, 455, 460, 461, 463, 466, 467, 468, 470, 471, 473, 476, 480, 481, 483, 486, 489, 491, 494, 496, 502, 503, 504, 506, 507, 508, 509, 514, 515, 516, 517, 518, 524, 525], "summary": {"covered_lines": 186, "num_statements": 191, "percent_covered": 97.38219895287958, "percent_covered_display": "97", "missing_lines": 5, "excluded_lines": 0}, "missing_lines": [162, 435, 436, 443, 456], "excluded_lines": []}}}, "run_continuous_tests.py": {"executed_lines": [], "summary": {"covered_lines": 0, "num_statements": 52, "percent_covered": 0.0, "percent_covered_display": "0", "missing_lines": 52, "excluded_lines": 0}, "missing_lines": [8, 9, 10, 11, 12, 15, 17, 18, 20, 21, 29, 30, 31, 32, 34, 35, 36, 38, 39, 40, 41, 44, 46, 47, 48, 49, 52, 53, 56, 61, 62, 65, 66, 67, 68, 71, 72, 74, 80, 86, 92, 97, 98, 99, 100, 103, 104, 105, 107, 108, 111, 112], "excluded_lines": [], "functions": {"run_command": {"executed_lines": [], "summary": {"covered_lines": 0, "num_statements": 15, "percent_covered": 0.0, "percent_covered_display": "0", "missing_lines": 15, "excluded_lines": 0}, "missing_lines": [17, 18, 20, 21, 29, 30, 31, 32, 34, 35, 36, 38, 39, 40, 41], "excluded_lines": []}, "main": {"executed_lines": [], "summary": {"covered_lines": 0, "num_statements": 28, "percent_covered": 0.0, "percent_covered_display": "0", "missing_lines": 28, "excluded_lines": 0}, "missing_lines": [46, 47, 48, 49, 52, 53, 56, 61, 62, 65, 66, 67, 68, 71, 72, 74, 80, 86, 92, 97, 98, 99, 100, 103, 104, 105, 107, 108], "excluded_lines": []}, "": {"executed_lines": [], "summary": {"covered_lines": 0, "num_statements": 9, "percent_covered": 0.0, "percent_covered_display": "0", "missing_lines": 9, "excluded_lines": 0}, "missing_lines": [8, 9, 10, 11, 12, 15, 44, 111, 112], "excluded_lines": []}}, "classes": {"": {"executed_lines": [], "summary": {"covered_lines": 0, "num_statements": 52, "percent_covered": 0.0, "percent_covered_display": "0", "missing_lines": 52, "excluded_lines": 0}, "missing_lines": [8, 9, 10, 11, 12, 15, 17, 18, 20, 21, 29, 30, 31, 32, 34, 35, 36, 38, 39, 40, 41, 44, 46, 47, 48, 49, 52, 53, 56, 61, 62, 65, 66, 67, 68, 71, 72, 74, 80, 86, 92, 97, 98, 99, 100, 103, 104, 105, 107, 108, 111, 112], "excluded_lines": []}}}, "schemas.py": {"executed_lines": [1, 2, 3, 4, 5, 6, 9, 10, 11, 14, 15, 25, 28, 32, 36, 38, 39, 46, 47, 48, 49, 50, 53, 54, 56, 57, 61, 80, 81, 89, 92, 96, 100, 101, 104, 105, 113, 116, 120, 124, 128, 129, 132, 133, 140, 143, 147, 152, 153, 159, 160, 162, 163, 164, 165, 166, 169, 170, 175, 179, 184, 185, 188, 189, 195, 199, 203, 207, 208, 211, 212, 217, 218, 221, 222, 226, 229, 230, 236, 239, 243, 247, 248, 251, 252, 253, 254, 255, 257, 259, 260, 261], "summary": {"covered_lines": 79, "num_statements": 89, "percent_covered": 88.76404494382022, "percent_covered_display": "89", "missing_lines": 10, "excluded_lines": 0}, "missing_lines": [64, 65, 66, 67, 68, 70, 72, 73, 76, 77], "excluded_lines": [], "functions": {"ArticleBase.body_html": {"executed_lines": [46, 47, 48], "summary": {"covered_lines": 3, "num_statements": 3, "percent_covered": 100.0, "percent_covered_display": "100", "missing_lines": 0, "excluded_lines": 0}, "missing_lines": [], "excluded_lines": []}, "validation_exception_handler": {"executed_lines": [], "summary": {"covered_lines": 0, "num_statements": 10, "percent_covered": 0.0, "percent_covered_display": "0", "missing_lines": 10, "excluded_lines": 0}, "missing_lines": [64, 65, 66, 67, 68, 70, 72, 73, 76, 77], "excluded_lines": []}, "ShowArticle.body_html": {"executed_lines": [159, 160, 162, 163, 164], "summary": {"covered_lines": 5, "num_statements": 5, "percent_covered": 100.0, "percent_covered_display": "100", "missing_lines": 0, "excluded_lines": 0}, "missing_lines": [], "excluded_lines": []}, "AccountDeletionRequest.validate_passwords_match": {"executed_lines": [259, 260, 261], "summary": {"covered_lines": 3, "num_statements": 3, "percent_covered": 100.0, "percent_covered_display": "100", "missing_lines": 0, "excluded_lines": 0}, "missing_lines": [], "excluded_lines": []}, "": {"executed_lines": [1, 2, 3, 4, 5, 6, 9, 10, 11, 14, 15, 25, 28, 32, 36, 38, 39, 49, 50, 53, 54, 56, 57, 61, 80, 81, 89, 92, 96, 100, 101, 104, 105, 113, 116, 120, 124, 128, 129, 132, 133, 140, 143, 147, 152, 153, 165, 166, 169, 170, 175, 179, 184, 185, 188, 189, 195, 199, 203, 207, 208, 211, 212, 217, 218, 221, 222, 226, 229, 230, 236, 239, 243, 247, 248, 251, 252, 253, 254, 255, 257], "summary": {"covered_lines": 68, "num_statements": 68, "percent_covered": 100.0, "percent_covered_display": "100", "missing_lines": 0, "excluded_lines": 0}, "missing_lines": [], "excluded_lines": []}}, "classes": {"LengthMismatchError": {"executed_lines": [], "summary": {"covered_lines": 0, "num_statements": 0, "percent_covered": 100.0, "percent_covered_display": "100", "missing_lines": 0, "excluded_lines": 0}, "missing_lines": [], "excluded_lines": []}, "ArticleBase": {"executed_lines": [46, 47, 48], "summary": {"covered_lines": 3, "num_statements": 3, "percent_covered": 100.0, "percent_covered_display": "100", "missing_lines": 0, "excluded_lines": 0}, "missing_lines": [], "excluded_lines": []}, "ArticleBase.ConfigDict": {"executed_lines": [], "summary": {"covered_lines": 0, "num_statements": 0, "percent_covered": 100.0, "percent_covered_display": "100", "missing_lines": 0, "excluded_lines": 0}, "missing_lines": [], "excluded_lines": []}, "Article": {"executed_lines": [], "summary": {"covered_lines": 0, "num_statements": 0, "percent_covered": 100.0, "percent_covered_display": "100", "missing_lines": 0, "excluded_lines": 0}, "missing_lines": [], "excluded_lines": []}, "Article.ConfigDict": {"executed_lines": [], "summary": {"covered_lines": 0, "num_statements": 0, "percent_covered": 100.0, "percent_covered_display": "100", "missing_lines": 0, "excluded_lines": 0}, "missing_lines": [], "excluded_lines": []}, "User": {"executed_lines": [], "summary": {"covered_lines": 0, "num_statements": 0, "percent_covered": 100.0, "percent_covered_display": "100", "missing_lines": 0, "excluded_lines": 0}, "missing_lines": [], "excluded_lines": []}, "User.ConfigDict": {"executed_lines": [], "summary": {"covered_lines": 0, "num_statements": 0, "percent_covered": 100.0, "percent_covered_display": "100", "missing_lines": 0, "excluded_lines": 0}, "missing_lines": [], "excluded_lines": []}, "ShowUser": {"executed_lines": [], "summary": {"covered_lines": 0, "num_statements": 0, "percent_covered": 100.0, "percent_covered_display": "100", "missing_lines": 0, "excluded_lines": 0}, "missing_lines": [], "excluded_lines": []}, "ShowUser.ConfigDict": {"executed_lines": [], "summary": {"covered_lines": 0, "num_statements": 0, "percent_covered": 100.0, "percent_covered_display": "100", "missing_lines": 0, "excluded_lines": 0}, "missing_lines": [], "excluded_lines": []}, "ShowArticle": {"executed_lines": [159, 160, 162, 163, 164], "summary": {"covered_lines": 5, "num_statements": 5, "percent_covered": 100.0, "percent_covered_display": "100", "missing_lines": 0, "excluded_lines": 0}, "missing_lines": [], "excluded_lines": []}, "ShowArticle.ConfigDict": {"executed_lines": [], "summary": {"covered_lines": 0, "num_statements": 0, "percent_covered": 100.0, "percent_covered_display": "100", "missing_lines": 0, "excluded_lines": 0}, "missing_lines": [], "excluded_lines": []}, "Login": {"executed_lines": [], "summary": {"covered_lines": 0, "num_statements": 0, "percent_covered": 100.0, "percent_covered_display": "100", "missing_lines": 0, "excluded_lines": 0}, "missing_lines": [], "excluded_lines": []}, "Login.ConfigDict": {"executed_lines": [], "summary": {"covered_lines": 0, "num_statements": 0, "percent_covered": 100.0, "percent_covered_display": "100", "missing_lines": 0, "excluded_lines": 0}, "missing_lines": [], "excluded_lines": []}, "PasswordChange": {"executed_lines": [], "summary": {"covered_lines": 0, "num_statements": 0, "percent_covered": 100.0, "percent_covered_display": "100", "missing_lines": 0, "excluded_lines": 0}, "missing_lines": [], "excluded_lines": []}, "PasswordChange.ConfigDict": {"executed_lines": [], "summary": {"covered_lines": 0, "num_statements": 0, "percent_covered": 100.0, "percent_covered_display": "100", "missing_lines": 0, "excluded_lines": 0}, "missing_lines": [], "excluded_lines": []}, "Token": {"executed_lines": [], "summary": {"covered_lines": 0, "num_statements": 0, "percent_covered": 100.0, "percent_covered_display": "100", "missing_lines": 0, "excluded_lines": 0}, "missing_lines": [], "excluded_lines": []}, "TokenData": {"executed_lines": [], "summary": {"covered_lines": 0, "num_statements": 0, "percent_covered": 100.0, "percent_covered_display": "100", "missing_lines": 0, "excluded_lines": 0}, "missing_lines": [], "excluded_lines": []}, "PublicArticle": {"executed_lines": [], "summary": {"covered_lines": 0, "num_statements": 0, "percent_covered": 100.0, "percent_covered_display": "100", "missing_lines": 0, "excluded_lines": 0}, "missing_lines": [], "excluded_lines": []}, "PublicArticle.ConfigDict": {"executed_lines": [], "summary": {"covered_lines": 0, "num_statements": 0, "percent_covered": 100.0, "percent_covered_display": "100", "missing_lines": 0, "excluded_lines": 0}, "missing_lines": [], "excluded_lines": []}, "AccountDeletionRequest": {"executed_lines": [259, 260, 261], "summary": {"covered_lines": 3, "num_statements": 3, "percent_covered": 100.0, "percent_covered_display": "100", "missing_lines": 0, "excluded_lines": 0}, "missing_lines": [], "excluded_lines": []}, "": {"executed_lines": [1, 2, 3, 4, 5, 6, 9, 10, 11, 14, 15, 25, 28, 32, 36, 38, 39, 49, 50, 53, 54, 56, 57, 61, 80, 81, 89, 92, 96, 100, 101, 104, 105, 113, 116, 120, 124, 128, 129, 132, 133, 140, 143, 147, 152, 153, 165, 166, 169, 170, 175, 179, 184, 185, 188, 189, 195, 199, 203, 207, 208, 211, 212, 217, 218, 221, 222, 226, 229, 230, 236, 239, 243, 247, 248, 251, 252, 253, 254, 255, 257], "summary": {"covered_lines": 68, "num_statements": 78, "percent_covered": 87.17948717948718, "percent_covered_display": "87", "missing_lines": 10, "excluded_lines": 0}, "missing_lines": [64, 65, 66, 67, 68, 70, 72, 73, 76, 77], "excluded_lines": []}}}, "update_main_bug_history.py": {"executed_lines": [], "summary": {"covered_lines": 0, "num_statements": 140, "percent_covered": 0.0, "percent_covered_display": "0", "missing_lines": 140, "excluded_lines": 0}, "missing_lines": [7, 8, 9, 10, 12, 14, 15, 16, 17, 18, 19, 20, 21, 23, 25, 26, 27, 28, 29, 30, 31, 33, 35, 36, 37, 40, 41, 42, 43, 44, 45, 46, 49, 50, 51, 52, 53, 55, 58, 59, 60, 61, 62, 65, 66, 68, 69, 70, 72, 73, 74, 75, 76, 77, 78, 79, 80, 82, 90, 100, 101, 102, 104, 106, 107, 108, 111, 112, 113, 114, 117, 118, 119, 120, 122, 123, 124, 125, 126, 129, 130, 131, 132, 133, 139, 146, 152, 158, 160, 161, 162, 164, 168, 169, 172, 173, 174, 175, 178, 181, 184, 194, 195, 196, 197, 198, 199, 200, 201, 202, 203, 204, 205, 206, 207, 209, 212, 273, 275, 277, 280, 281, 282, 283, 286, 287, 290, 293, 294, 295, 296, 297, 300, 301, 302, 303, 304, 306, 308, 309], "excluded_lines": [], "functions": {"load_bug_history": {"executed_lines": [], "summary": {"covered_lines": 0, "num_statements": 8, "percent_covered": 0.0, "percent_covered_display": "0", "missing_lines": 8, "excluded_lines": 0}, "missing_lines": [14, 15, 16, 17, 18, 19, 20, 21], "excluded_lines": []}, "save_bug_history": {"executed_lines": [], "summary": {"covered_lines": 0, "num_statements": 7, "percent_covered": 0.0, "percent_covered_display": "0", "missing_lines": 7, "excluded_lines": 0}, "missing_lines": [25, 26, 27, 28, 29, 30, 31], "excluded_lines": []}, "parse_junit_xml": {"executed_lines": [], "summary": {"covered_lines": 0, "num_statements": 40, "percent_covered": 0.0, "percent_covered_display": "0", "missing_lines": 40, "excluded_lines": 0}, "missing_lines": [35, 36, 37, 40, 41, 42, 43, 44, 45, 46, 49, 50, 51, 52, 53, 55, 58, 59, 60, 61, 62, 65, 66, 68, 69, 70, 72, 73, 74, 75, 76, 77, 78, 79, 80, 82, 90, 100, 101, 102], "excluded_lines": []}, "parse_coverage_xml": {"executed_lines": [], "summary": {"covered_lines": 0, "num_statements": 28, "percent_covered": 0.0, "percent_covered_display": "0", "missing_lines": 28, "excluded_lines": 0}, "missing_lines": [106, 107, 108, 111, 112, 113, 114, 117, 118, 119, 120, 122, 123, 124, 125, 126, 129, 130, 131, 132, 133, 139, 146, 152, 158, 160, 161, 162], "excluded_lines": []}, "create_bug_report": {"executed_lines": [], "summary": {"covered_lines": 0, "num_statements": 26, "percent_covered": 0.0, "percent_covered_display": "0", "missing_lines": 26, "excluded_lines": 0}, "missing_lines": [168, 169, 172, 173, 174, 175, 178, 181, 184, 194, 195, 196, 197, 198, 199, 200, 201, 202, 203, 204, 205, 206, 207, 209, 212, 273], "excluded_lines": []}, "main": {"executed_lines": [], "summary": {"covered_lines": 0, "num_statements": 19, "percent_covered": 0.0, "percent_covered_display": "0", "missing_lines": 19, "excluded_lines": 0}, "missing_lines": [277, 280, 281, 282, 283, 286, 287, 290, 293, 294, 295, 296, 297, 300, 301, 302, 303, 304, 306], "excluded_lines": []}, "": {"executed_lines": [], "summary": {"covered_lines": 0, "num_statements": 12, "percent_covered": 0.0, "percent_covered_display": "0", "missing_lines": 12, "excluded_lines": 0}, "missing_lines": [7, 8, 9, 10, 12, 23, 33, 104, 164, 275, 308, 309], "excluded_lines": []}}, "classes": {"": {"executed_lines": [], "summary": {"covered_lines": 0, "num_statements": 140, "percent_covered": 0.0, "percent_covered_display": "0", "missing_lines": 140, "excluded_lines": 0}, "missing_lines": [7, 8, 9, 10, 12, 14, 15, 16, 17, 18, 19, 20, 21, 23, 25, 26, 27, 28, 29, 30, 31, 33, 35, 36, 37, 40, 41, 42, 43, 44, 45, 46, 49, 50, 51, 52, 53, 55, 58, 59, 60, 61, 62, 65, 66, 68, 69, 70, 72, 73, 74, 75, 76, 77, 78, 79, 80, 82, 90, 100, 101, 102, 104, 106, 107, 108, 111, 112, 113, 114, 117, 118, 119, 120, 122, 123, 124, 125, 126, 129, 130, 131, 132, 133, 139, 146, 152, 158, 160, 161, 162, 164, 168, 169, 172, 173, 174, 175, 178, 181, 184, 194, 195, 196, 197, 198, 199, 200, 201, 202, 203, 204, 205, 206, 207, 209, 212, 273, 275, 277, 280, 281, 282, 283, 286, 287, 290, 293, 294, 295, 296, 297, 300, 301, 302, 303, 304, 306, 308, 309], "excluded_lines": []}}}, "utils/__init__.py": {"executed_lines": [0], "summary": {"covered_lines": 0, "num_statements": 0, "percent_covered": 100.0, "percent_covered_display": "100", "missing_lines": 0, "excluded_lines": 0}, "missing_lines": [], "excluded_lines": [], "functions": {"": {"executed_lines": [], "summary": {"covered_lines": 0, "num_statements": 0, "percent_covered": 100.0, "percent_covered_display": "100", "missing_lines": 0, "excluded_lines": 0}, "missing_lines": [], "excluded_lines": []}}, "classes": {"": {"executed_lines": [], "summary": {"covered_lines": 0, "num_statements": 0, "percent_covered": 100.0, "percent_covered_display": "100", "missing_lines": 0, "excluded_lines": 0}, "missing_lines": [], "excluded_lines": []}}}, "utils/email_sender.py": {"executed_lines": [1, 2, 3, 4, 5, 8, 9, 10, 13, 15, 28, 33, 34, 35, 36, 37, 38, 39, 40, 41, 44, 46, 49, 51, 52, 53, 54, 57, 59, 60, 62, 63, 65, 66, 67, 77, 78, 79, 86, 87, 88, 89, 96, 97, 98, 99, 100, 102, 105, 161, 162, 163, 171, 178, 179, 180, 181, 182, 183, 192, 194, 195, 207, 208, 209, 215, 216, 217, 218, 224, 226, 227, 228, 231, 233, 278, 279, 288, 296, 297, 298, 299, 300, 301, 309, 311, 312, 326, 327, 328, 334, 335, 336, 337, 343, 344, 345, 346, 349, 351, 399, 400, 401, 417, 418, 419, 420, 421, 422], "summary": {"covered_lines": 109, "num_statements": 113, "percent_covered": 96.46017699115045, "percent_covered_display": "96", "missing_lines": 4, "excluded_lines": 0}, "missing_lines": [229, 280, 347, 409], "excluded_lines": [], "functions": {"get_mail_config": {"executed_lines": [15], "summary": {"covered_lines": 1, "num_statements": 1, "percent_covered": 100.0, "percent_covered_display": "100", "missing_lines": 0, "excluded_lines": 0}, "missing_lines": [], "excluded_lines": []}, "_print_dev_mode_email": {"executed_lines": [33, 34, 35, 36, 37, 38, 39, 40, 41], "summary": {"covered_lines": 9, "num_statements": 9, "percent_covered": 100.0, "percent_covered_display": "100", "missing_lines": 0, "excluded_lines": 0}, "missing_lines": [], "excluded_lines": []}, "_is_email_enabled": {"executed_lines": [46], "summary": {"covered_lines": 1, "num_statements": 1, "percent_covered": 100.0, "percent_covered_display": "100", "missing_lines": 0, "excluded_lines": 0}, "missing_lines": [], "excluded_lines": []}, "_validate_mail_config": {"executed_lines": [51, 52, 53, 54], "summary": {"covered_lines": 4, "num_statements": 4, "percent_covered": 100.0, "percent_covered_display": "100", "missing_lines": 0, "excluded_lines": 0}, "missing_lines": [], "excluded_lines": []}, "send_verification_email": {"executed_lines": [59, 60, 62, 63, 65, 66, 67, 77, 78, 79, 86, 87, 88, 89, 96, 97, 98, 99, 100, 102, 105, 161, 162, 163, 171, 178, 179, 180, 181, 182, 183], "summary": {"covered_lines": 31, "num_statements": 31, "percent_covered": 100.0, "percent_covered_display": "100", "missing_lines": 0, "excluded_lines": 0}, "missing_lines": [], "excluded_lines": []}, "send_registration_complete_email": {"executed_lines": [194, 195, 207, 208, 209, 215, 216, 217, 218, 224, 226, 227, 228, 231, 233, 278, 279, 288, 296, 297, 298, 299, 300, 301], "summary": {"covered_lines": 24, "num_statements": 26, "percent_covered": 92.3076923076923, "percent_covered_display": "92", "missing_lines": 2, "excluded_lines": 0}, "missing_lines": [229, 280], "excluded_lines": []}, "send_account_deletion_email": {"executed_lines": [311, 312, 326, 327, 328, 334, 335, 336, 337, 343, 344, 345, 346, 349, 351, 399, 400, 401, 417, 418, 419, 420, 421, 422], "summary": {"covered_lines": 24, "num_statements": 26, "percent_covered": 92.3076923076923, "percent_covered_display": "92", "missing_lines": 2, "excluded_lines": 0}, "missing_lines": [347, 409], "excluded_lines": []}, "": {"executed_lines": [1, 2, 3, 4, 5, 8, 9, 10, 13, 28, 44, 49, 57, 192, 309], "summary": {"covered_lines": 15, "num_statements": 15, "percent_covered": 100.0, "percent_covered_display": "100", "missing_lines": 0, "excluded_lines": 0}, "missing_lines": [], "excluded_lines": []}}, "classes": {"": {"executed_lines": [1, 2, 3, 4, 5, 8, 9, 10, 13, 15, 28, 33, 34, 35, 36, 37, 38, 39, 40, 41, 44, 46, 49, 51, 52, 53, 54, 57, 59, 60, 62, 63, 65, 66, 67, 77, 78, 79, 86, 87, 88, 89, 96, 97, 98, 99, 100, 102, 105, 161, 162, 163, 171, 178, 179, 180, 181, 182, 183, 192, 194, 195, 207, 208, 209, 215, 216, 217, 218, 224, 226, 227, 228, 231, 233, 278, 279, 288, 296, 297, 298, 299, 300, 301, 309, 311, 312, 326, 327, 328, 334, 335, 336, 337, 343, 344, 345, 346, 349, 351, 399, 400, 401, 417, 418, 419, 420, 421, 422], "summary": {"covered_lines": 109, "num_statements": 113, "percent_covered": 96.46017699115045, "percent_covered_display": "96", "missing_lines": 4, "excluded_lines": 0}, "missing_lines": [229, 280, 347, 409], "excluded_lines": []}}}, "utils/email_validator.py": {"executed_lines": [1, 2, 3, 6, 15, 16, 17, 18, 20, 21, 22, 23, 24, 26, 27, 28, 29, 30, 32, 33, 34, 35, 36], "summary": {"covered_lines": 23, "num_statements": 23, "percent_covered": 100.0, "percent_covered_display": "100", "missing_lines": 0, "excluded_lines": 0}, "missing_lines": [], "excluded_lines": [], "functions": {"is_valid_email_domain": {"executed_lines": [15, 16, 17, 18, 20, 21, 22, 23, 24, 26, 27, 28, 29, 30, 32, 33, 34, 35, 36], "summary": {"covered_lines": 19, "num_statements": 19, "percent_covered": 100.0, "percent_covered_display": "100", "missing_lines": 0, "excluded_lines": 0}, "missing_lines": [], "excluded_lines": []}, "": {"executed_lines": [1, 2, 3, 6], "summary": {"covered_lines": 4, "num_statements": 4, "percent_covered": 100.0, "percent_covered_display": "100", "missing_lines": 0, "excluded_lines": 0}, "missing_lines": [], "excluded_lines": []}}, "classes": {"": {"executed_lines": [1, 2, 3, 6, 15, 16, 17, 18, 20, 21, 22, 23, 24, 26, 27, 28, 29, 30, 32, 33, 34, 35, 36], "summary": {"covered_lines": 23, "num_statements": 23, "percent_covered": 100.0, "percent_covered_display": "100", "missing_lines": 0, "excluded_lines": 0}, "missing_lines": [], "excluded_lines": []}}}}, "totals": {"covered_lines": 985, "num_statements": 1244, "percent_covered": 79.18006430868168, "percent_covered_display": "79", "missing_lines": 259, "excluded_lines": 0}}