<?xml version="1.0" encoding="utf-8"?><testsuites><testsuite name="pytest" errors="0" failures="0" skipped="0" tests="276" time="1.845" timestamp="2025-06-06T11:35:23.019221+09:00" hostname="osakatatsuhikonoMac-mini.local"><testcase classname="tests.test_article_router.TestAllFetchEndpoint" name="test_all_fetch_success_without_limit" time="0.004" /><testcase classname="tests.test_article_router.TestAllFetchEndpoint" name="test_all_fetch_success_with_limit" time="0.002" /><testcase classname="tests.test_article_router.TestAllFetchEndpoint" name="test_all_fetch_no_articles_found" time="0.002" /><testcase classname="tests.test_article_router.TestAllFetchEndpoint" name="test_all_fetch_database_error" time="0.001" /><testcase classname="tests.test_article_router.TestGetArticleEndpoint" name="test_get_article_success" time="0.002" /><testcase classname="tests.test_article_router.TestGetArticleEndpoint" name="test_get_article_not_found" time="0.001" /><testcase classname="tests.test_article_router.TestGetArticleEndpoint" name="test_get_article_database_error" time="0.001" /><testcase classname="tests.test_article_router.TestCreateArticleEndpoint" name="test_article_router_prefix_and_tags" time="0.000" /><testcase classname="tests.test_article_router.TestArticleRouterIntegration" name="test_article_lifecycle_flow" time="0.002" /><testcase classname="tests.test_article_router.TestArticleBaseModel" name="test_article_base_creation" time="0.000" /><testcase classname="tests.test_article_router.TestQueryParameters" name="test_limit_parameter_validation" time="0.015" /><testcase classname="tests.test_auth_router.TestLoginEndpoint" name="test_login_success" time="0.002" /><testcase classname="tests.test_auth_router.TestLoginEndpoint" name="test_login_user_not_found" time="0.001" /><testcase classname="tests.test_auth_router.TestLoginEndpoint" name="test_login_invalid_password" time="0.002" /><testcase classname="tests.test_auth_router.TestTokenVerification" name="test_verify_token_success" time="0.001" /><testcase classname="tests.test_auth_router.TestTokenVerification" name="test_verify_token_no_subject" time="0.000" /><testcase classname="tests.test_auth_router.TestTokenVerification" name="test_verify_token_jwt_error" time="0.000" /><testcase classname="tests.test_auth_router.TestTokenVerification" name="test_verify_token_blacklisted" time="0.000" /><testcase classname="tests.test_auth_router.TestLogoutEndpoint" name="test_logout_success" time="0.000" /><testcase classname="tests.test_auth_router.TestGetAllBlogsEndpoint" name="test_get_all_blogs_success" time="0.001" /><testcase classname="tests.test_auth_router.TestChangePasswordEndpoint" name="test_change_password_success" time="0.006" /><testcase classname="tests.test_auth_router.TestChangePasswordEndpoint" name="test_change_password_user_not_found" time="0.001" /><testcase classname="tests.test_auth_router.TestChangePasswordEndpoint" name="test_change_password_invalid_temp_password" time="0.002" /><testcase classname="tests.test_auth_router.TestChangePasswordEndpoint" name="test_change_password_email_connection_error" time="0.003" /><testcase classname="tests.test_auth_router.TestChangePasswordEndpoint" name="test_change_password_email_timeout_error" time="0.003" /><testcase classname="tests.test_auth_router.TestChangePasswordEndpoint" name="test_change_password_email_value_error" time="0.003" /><testcase classname="tests.test_auth_router.TestChangePasswordEndpoint" name="test_change_password_email_general_error" time="0.003" /><testcase classname="tests.test_auth_router.TestChangePasswordEndpoint" name="test_change_password_no_email" time="0.002" /><testcase classname="tests.test_auth_router.TestChangePasswordEndpoint" name="test_change_password_database_constraint_error" time="0.002" /><testcase classname="tests.test_auth_router.TestChangePasswordEndpoint" name="test_change_password_database_connection_error" time="0.002" /><testcase classname="tests.test_auth_router.TestChangePasswordEndpoint" name="test_change_password_database_general_error" time="0.002" /><testcase classname="tests.test_custom_logger.TestCustomLoggerConfiguration" name="test_log_directory_creation" time="0.000" /><testcase classname="tests.test_custom_logger.TestCustomLoggerConfiguration" name="test_logger_instance_creation" time="0.000" /><testcase classname="tests.test_custom_logger.TestCustomLoggerConfiguration" name="test_logger_handlers_setup" time="0.000" /><testcase classname="tests.test_custom_logger.TestCustomLoggerConfiguration" name="test_formatter_configuration" time="0.000" /><testcase classname="tests.test_custom_logger.TestLoggingFunctions" name="test_create_logger_function" time="0.001" /><testcase classname="tests.test_custom_logger.TestLoggingFunctions" name="test_create_error_logger_function" time="0.001" /><testcase classname="tests.test_custom_logger.TestLoggingFunctions" name="test_create_logger_with_empty_message" time="0.000" /><testcase classname="tests.test_custom_logger.TestLoggingFunctions" name="test_create_error_logger_with_empty_message" time="0.000" /><testcase classname="tests.test_custom_logger.TestLoggerIntegration" name="test_logger_duplicate_handler_prevention" time="0.001" /><testcase classname="tests.test_custom_logger.TestLoggerIntegration" name="test_logging_levels_separation" time="0.001" /><testcase classname="tests.test_custom_logger.TestLoggerIntegration" name="test_logger_file_paths" time="0.000" /><testcase classname="tests.test_custom_logger.TestLoggerErrorHandling" name="test_logger_with_unicode_messages" time="0.000" /><testcase classname="tests.test_custom_logger.TestLoggerErrorHandling" name="test_logger_with_special_characters" time="0.000" /><testcase classname="tests.test_custom_logger.TestLoggerErrorHandling" name="test_logger_with_long_messages" time="0.000" /><testcase classname="tests.test_custom_logger.TestLoggerModuleImport" name="test_module_imports" time="0.000" /><testcase classname="tests.test_custom_logger.TestLoggerModuleImport" name="test_function_signatures" time="0.000" /><testcase classname="tests.test_custom_token.TestTokenType" name="test_token_type_values" time="0.000" /><testcase classname="tests.test_custom_token.TestTokenConfig" name="test_default_expires_configuration" time="0.000" /><testcase classname="tests.test_custom_token.TestCreateAccessToken" name="test_create_access_token_success" time="0.001" /><testcase classname="tests.test_custom_token.TestCreateAccessToken" name="test_create_access_token_with_custom_expires" time="0.001" /><testcase classname="tests.test_custom_token.TestCreateAccessToken" name="test_create_access_token_different_types" time="0.001" /><testcase classname="tests.test_custom_token.TestCreateAccessToken" name="test_create_access_token_empty_data" time="0.000" /><testcase classname="tests.test_custom_token.TestCreateAccessToken" name="test_create_access_token_invalid_data_type" time="0.000" /><testcase classname="tests.test_custom_token.TestCreateAccessToken" name="test_create_access_token_missing_secret_key" time="0.001" /><testcase classname="tests.test_custom_token.TestCreateAccessToken" name="test_create_access_token_jwt_error" time="0.001" /><testcase classname="tests.test_custom_token.TestVerifyTokenWithType" name="test_verify_token_with_type_success" time="0.001" /><testcase classname="tests.test_custom_token.TestVerifyTokenWithType" name="test_verify_token_with_type_wrong_type" time="0.001" /><testcase classname="tests.test_custom_token.TestVerifyTokenWithType" name="test_verify_token_with_type_missing_secret_key" time="0.001" /><testcase classname="tests.test_custom_token.TestVerifyTokenWithType" name="test_verify_token_with_type_invalid_token" time="0.001" /><testcase classname="tests.test_custom_token.TestVerifyToken" name="test_verify_token_success" time="0.001" /><testcase classname="tests.test_custom_token.TestVerifyToken" name="test_verify_token_missing_secret_key" time="0.001" /><testcase classname="tests.test_custom_token.TestVerifyToken" name="test_verify_token_missing_email" time="0.001" /><testcase classname="tests.test_custom_token.TestVerifyToken" name="test_verify_token_missing_id" time="0.001" /><testcase classname="tests.test_custom_token.TestVerifyToken" name="test_verify_token_invalid_jwt" time="0.001" /><testcase classname="tests.test_custom_token.TestGetUserById" name="test_get_user_by_id_success" time="0.001" /><testcase classname="tests.test_custom_token.TestGetUserById" name="test_get_user_by_id_not_found" time="0.001" /><testcase classname="tests.test_custom_token.TestIntegration" name="test_token_creation_and_verification_flow" time="0.002" /><testcase classname="tests.test_database.TestCheckEnvFile" name="test_check_env_file_not_exists_production" time="0.001" /><testcase classname="tests.test_database.TestCheckEnvFile" name="test_check_env_file_default_path_production" time="0.000" /><testcase classname="tests.test_database.TestReadEnvVar" name="test_read_env_var_from_render" time="0.001" /><testcase classname="tests.test_database.TestReadEnvVar" name="test_read_env_var_single_cors_origin_dummy" time="0.001" /><testcase classname="tests.test_database.TestReadEnvVar" name="test_read_env_var_missing_values_production" time="0.001" /><testcase classname="tests.test_database.TestReadEnvVar" name="test_read_env_var_multiple_cors_origins_dummy" time="0.001" /><testcase classname="tests.test_database.TestCreateDatabaseEngine" name="test_create_database_engine_production_render" time="0.039" /><testcase classname="tests.test_database.TestCreateDatabaseEngine" name="test_create_database_engine_development_fallback" time="0.001" /><testcase classname="tests.test_database.TestCreateDatabaseEngine" name="test_create_database_engine_no_postgres_url_render" time="0.001" /><testcase classname="tests.test_database.TestCreateSession" name="test_create_session_success" time="0.001" /><testcase classname="tests.test_database.TestCreateSession" name="test_create_session_failure" time="0.001" /><testcase classname="tests.test_database.TestGetDb" name="test_get_db_success" time="0.001" /><testcase classname="tests.test_database.TestGetDb" name="test_get_db_exception" time="0.001" /><testcase classname="tests.test_database.TestEnvironmentConfig" name="test_environment_config_render_production" time="0.000" /><testcase classname="tests.test_database.TestEnvironmentConfig" name="test_environment_config_no_env_file" time="0.000" /><testcase classname="tests.test_email_sender.TestEmailSenderConfiguration" name="test_get_mail_config" time="0.004" /><testcase classname="tests.test_email_sender.TestEmailSenderConfiguration" name="test_get_mail_config_defaults" time="0.001" /><testcase classname="tests.test_email_sender.TestEmailSenderConfiguration" name="test_is_email_enabled_true" time="0.000" /><testcase classname="tests.test_email_sender.TestEmailSenderConfiguration" name="test_is_email_enabled_false" time="0.000" /><testcase classname="tests.test_email_sender.TestEmailSenderConfiguration" name="test_validate_mail_config_valid" time="0.001" /><testcase classname="tests.test_email_sender.TestEmailSenderConfiguration" name="test_validate_mail_config_invalid" time="0.000" /><testcase classname="tests.test_email_sender.TestEmailSenderDevMode" name="test_print_dev_mode_email" time="0.000" /><testcase classname="tests.test_email_sender.TestEmailSenderDevMode" name="test_send_verification_email_dev_mode" time="0.001" /><testcase classname="tests.test_email_sender.TestEmailSenderVerificationEmail" name="test_send_verification_email_local_url" time="0.001" /><testcase classname="tests.test_email_sender.TestEmailSenderVerificationEmail" name="test_send_verification_email_production_url" time="0.001" /><testcase classname="tests.test_email_sender.TestEmailSenderVerificationEmail" name="test_send_verification_email_real_sending" time="0.003" /><testcase classname="tests.test_email_sender.TestEmailSenderVerificationEmail" name="test_send_verification_email_invalid_config" time="0.002" /><testcase classname="tests.test_email_sender.TestEmailSenderRegistrationEmail" name="test_send_registration_complete_email_dev_mode" time="0.001" /><testcase classname="tests.test_email_sender.TestEmailSenderDeletionEmail" name="test_send_account_deletion_email_dev_mode" time="0.001" /><testcase classname="tests.test_email_sender.TestEmailSenderErrorHandling" name="test_send_verification_email_exception_handling" time="0.003" /><testcase classname="tests.test_email_sender.TestEmailSenderErrorHandling" name="test_send_verification_email_no_config" time="0.002" /><testcase classname="tests.test_email_sender.TestEmailSenderUtilityFunctions" name="test_quote_token_encoding" time="0.000" /><testcase classname="tests.test_email_sender.TestEmailSenderUtilityFunctions" name="test_environment_variable_access" time="0.001" /><testcase classname="tests.test_email_sender.TestEmailSenderIntegration" name="test_all_email_functions_dev_mode" time="0.001" /><testcase classname="tests.test_email_validator.TestEmailValidatorDomainRestriction" name="test_domain_restriction_disabled" time="0.001" /><testcase classname="tests.test_email_validator.TestEmailValidatorDomainRestriction" name="test_domain_restriction_enabled_with_allowed_domains" time="0.001" /><testcase classname="tests.test_email_validator.TestEmailValidatorDomainRestriction" name="test_domain_restriction_enabled_no_allowed_domains" time="0.001" /><testcase classname="tests.test_email_validator.TestEmailValidatorDomainRestriction" name="test_case_insensitive_domain_matching" time="0.001" /><testcase classname="tests.test_email_validator.TestEmailValidatorDomainRestriction" name="test_invalid_email_format" time="0.001" /><testcase classname="tests.test_email_validator.TestEmailValidatorDomainRestriction" name="test_whitespace_handling_in_domains" time="0.001" /><testcase classname="tests.test_email_validator.TestEmailValidatorEdgeCases" name="test_empty_domain_list_handling" time="0.001" /><testcase classname="tests.test_email_validator.TestEmailValidatorEdgeCases" name="test_single_domain" time="0.001" /><testcase classname="tests.test_email_validator.TestEmailValidatorEdgeCases" name="test_unicode_domains" time="0.001" /><testcase classname="tests.test_email_validator.TestEmailValidatorLogging" name="test_logging_for_allowed_domain" time="0.001" /><testcase classname="tests.test_email_validator.TestEmailValidatorLogging" name="test_logging_for_disallowed_domain" time="0.001" /><testcase classname="tests.test_email_validator.TestEmailValidatorLogging" name="test_logging_for_invalid_format" time="0.001" /><testcase classname="tests.test_exceptions.TestDatabaseConnectionError" name="test_database_connection_error_default_message" time="0.000" /><testcase classname="tests.test_exceptions.TestDatabaseConnectionError" name="test_database_connection_error_custom_message" time="0.000" /><testcase classname="tests.test_exceptions.TestDatabaseConnectionError" name="test_database_connection_error_inheritance" time="0.000" /><testcase classname="tests.test_exceptions.TestDatabaseConnectionError" name="test_database_connection_error_raise" time="0.000" /><testcase classname="tests.test_exceptions.TestDatabaseConnectionError" name="test_database_connection_error_empty_message" time="0.000" /><testcase classname="tests.test_exceptions.TestDatabaseConnectionError" name="test_database_connection_error_none_message" time="0.000" /><testcase classname="tests.test_exceptions.TestAuthenticationError" name="test_authentication_error_default_message" time="0.000" /><testcase classname="tests.test_exceptions.TestAuthenticationError" name="test_authentication_error_custom_message" time="0.000" /><testcase classname="tests.test_exceptions.TestAuthenticationError" name="test_authentication_error_inheritance" time="0.000" /><testcase classname="tests.test_exceptions.TestAuthenticationError" name="test_authentication_error_raise" time="0.000" /><testcase classname="tests.test_exceptions.TestAuthenticationError" name="test_authentication_error_long_message" time="0.003" /><testcase classname="tests.test_exceptions.TestAuthenticationError" name="test_authentication_error_unicode_message" time="0.000" /><testcase classname="tests.test_exceptions.TestValidationError" name="test_validation_error_default_message" time="0.000" /><testcase classname="tests.test_exceptions.TestValidationError" name="test_validation_error_custom_message" time="0.000" /><testcase classname="tests.test_exceptions.TestValidationError" name="test_validation_error_inheritance" time="0.000" /><testcase classname="tests.test_exceptions.TestValidationError" name="test_validation_error_raise" time="0.000" /><testcase classname="tests.test_exceptions.TestValidationError" name="test_validation_error_multiple_fields" time="0.000" /><testcase classname="tests.test_exceptions.TestValidationError" name="test_validation_error_json_like_message" time="0.000" /><testcase classname="tests.test_exceptions.TestCustomExceptionsInteraction" name="test_different_exception_types" time="0.000" /><testcase classname="tests.test_exceptions.TestCustomExceptionsInteraction" name="test_exception_hierarchy" time="0.000" /><testcase classname="tests.test_exceptions.TestCustomExceptionsInteraction" name="test_exception_catching" time="0.000" /><testcase classname="tests.test_exceptions.TestCustomExceptionsInteraction" name="test_exception_message_attributes_consistency" time="0.000" /><testcase classname="tests.test_exceptions.TestExceptionUsageScenarios" name="test_database_error_scenario" time="0.000" /><testcase classname="tests.test_exceptions.TestExceptionUsageScenarios" name="test_authentication_error_scenario" time="0.000" /><testcase classname="tests.test_exceptions.TestExceptionUsageScenarios" name="test_validation_error_scenario" time="0.000" /><testcase classname="tests.test_exceptions.TestExceptionUsageScenarios" name="test_nested_exception_handling" time="0.000" /><testcase classname="tests.test_integration.TestApplicationStartup" name="test_app_initialization" time="0.000" /><testcase classname="tests.test_integration.TestApplicationStartup" name="test_app_routes" time="0.000" /><testcase classname="tests.test_integration.TestHealthCheck" name="test_root_endpoint" time="0.009" /><testcase classname="tests.test_integration.TestUserAPI" name="test_user_creation_endpoint_without_auth" time="0.008" /><testcase classname="tests.test_integration.TestUserAPI" name="test_show_user_endpoint_without_auth" time="0.002" /><testcase classname="tests.test_integration.TestArticleAPI" name="test_articles_endpoint_without_auth" time="0.002" /><testcase classname="tests.test_integration.TestArticleAPI" name="test_create_article_endpoint_without_auth" time="0.002" /><testcase classname="tests.test_integration.TestAuthAPI" name="test_login_endpoint_with_invalid_data" time="0.031" /><testcase classname="tests.test_integration.TestAuthAPI" name="test_logout_endpoint_without_auth" time="0.002" /><testcase classname="tests.test_integration.TestAPIEndpointsIntegration" name="test_authenticated_user_workflow" time="0.005" /><testcase classname="tests.test_integration.TestAPIEndpointsIntegration" name="test_error_handling_integration" time="0.012" /><testcase classname="tests.test_integration.TestAPIEndpointsIntegration" name="test_cors_and_security_headers" time="0.002" /><testcase classname="tests.test_integration.TestFullWorkflow" name="test_user_registration_and_verification_workflow" time="0.005" /><testcase classname="tests.test_integration.TestFullWorkflow" name="test_article_lifecycle_with_authentication" time="0.014" /><testcase classname="tests.test_main.TestMainAppConfiguration" name="test_app_creation" time="0.014" /><testcase classname="tests.test_main.TestMainAppConfiguration" name="test_cors_origins_from_env" time="0.014" /><testcase classname="tests.test_main.TestMainAppConfiguration" name="test_cors_fallback_when_no_origins" time="0.013" /><testcase classname="tests.test_main.TestMainAppConfiguration" name="test_cors_with_pytest_environment" time="0.013" /><testcase classname="tests.test_main.TestCORSMiddleware" name="test_cors_middleware_configuration" time="0.013" /><testcase classname="tests.test_main.TestExceptionHandler" name="test_email_validation_error_handler" time="0.002" /><testcase classname="tests.test_main.TestExceptionHandler" name="test_general_validation_error_handler" time="0.002" /><testcase classname="tests.test_main.TestExceptionHandler" name="test_email_error_detection_logic" time="0.003" /><testcase classname="tests.test_main.TestRouterInclusion" name="test_routers_included" time="0.012" /><testcase classname="tests.test_main.TestDatabaseInitialization" name="test_database_tables_creation" time="0.012" /><testcase classname="tests.test_main.TestApplicationIntegration" name="test_app_startup_flow" time="0.012" /><testcase classname="tests.test_main.TestApplicationIntegration" name="test_environment_variable_handling" time="0.034" /><testcase classname="tests.test_models.TestUserModel" name="test_user_creation" time="0.006" /><testcase classname="tests.test_models.TestUserModel" name="test_user_default_values" time="0.013" /><testcase classname="tests.test_models.TestUserModel" name="test_user_optional_fields" time="0.007" /><testcase classname="tests.test_models.TestUserModel" name="test_user_with_blogs_relationship" time="0.004" /><testcase classname="tests.test_models.TestUserModel" name="test_user_inactive_state" time="0.002" /><testcase classname="tests.test_models.TestArticleModel" name="test_article_creation" time="0.005" /><testcase classname="tests.test_models.TestArticleModel" name="test_article_without_user" time="0.003" /><testcase classname="tests.test_models.TestArticleModel" name="test_article_owner_relationship" time="0.005" /><testcase classname="tests.test_models.TestArticleModel" name="test_multiple_articles_same_user" time="0.005" /><testcase classname="tests.test_models.TestEmailVerificationModel" name="test_email_verification_creation" time="0.003" /><testcase classname="tests.test_models.TestEmailVerificationModel" name="test_email_verification_defaults" time="0.002" /><testcase classname="tests.test_models.TestEmailVerificationModel" name="test_create_verification_classmethod" time="0.003" /><testcase classname="tests.test_oauth2.TestOAuth2Module" name="test_get_current_user_valid_token" time="0.002" /><testcase classname="tests.test_oauth2.TestOAuth2Module" name="test_get_current_user_none_token" time="0.001" /><testcase classname="tests.test_oauth2.TestOAuth2Module" name="test_get_current_user_none_secret_key" time="0.001" /><testcase classname="tests.test_oauth2.TestOAuth2Module" name="test_get_current_user_jwt_decode_error" time="0.001" /><testcase classname="tests.test_oauth2.TestOAuth2Module" name="test_get_current_user_missing_email_in_payload" time="0.001" /><testcase classname="tests.test_oauth2.TestOAuth2Module" name="test_get_current_user_missing_id_in_payload" time="0.001" /><testcase classname="tests.test_oauth2.TestOAuth2Module" name="test_get_current_user_invalid_id_type" time="0.001" /><testcase classname="tests.test_oauth2.TestOAuth2Module" name="test_get_current_user_user_not_found" time="0.002" /><testcase classname="tests.test_oauth2.TestOAuth2Module" name="test_oauth2_scheme_configuration" time="0.000" /><testcase classname="tests.test_oauth2.TestOAuth2Module" name="test_get_current_user_token_data_creation" time="0.002" /><testcase classname="tests.test_oauth2.TestOAuth2Module" name="test_algorithm_configuration" time="0.000" /><testcase classname="tests.test_oauth2.TestOAuth2Module" name="test_get_current_user_complex_scenario" time="0.002" /><testcase classname="tests.test_oauth2.TestOAuth2Module" name="test_get_current_user_error_handling_comprehensive" time="0.002" /><testcase classname="tests.test_schemas.TestLengthMismatchError" name="test_length_mismatch_error_creation" time="0.000" /><testcase classname="tests.test_schemas.TestArticleBase" name="test_article_base_valid_data" time="0.000" /><testcase classname="tests.test_schemas.TestArticleBase" name="test_article_base_body_html_conversion" time="0.001" /><testcase classname="tests.test_schemas.TestArticleBase" name="test_article_base_title_max_length" time="0.001" /><testcase classname="tests.test_schemas.TestArticleBase" name="test_article_base_body_max_length" time="0.000" /><testcase classname="tests.test_schemas.TestArticleBase" name="test_article_base_required_fields" time="0.000" /><testcase classname="tests.test_schemas.TestArticle" name="test_article_inherits_from_article_base" time="0.000" /><testcase classname="tests.test_schemas.TestUser" name="test_user_valid_data" time="0.000" /><testcase classname="tests.test_schemas.TestUser" name="test_user_optional_fields" time="0.000" /><testcase classname="tests.test_schemas.TestUser" name="test_user_email_validation" time="0.000" /><testcase classname="tests.test_schemas.TestUser" name="test_user_email_max_length" time="0.000" /><testcase classname="tests.test_schemas.TestUser" name="test_user_password_max_length" time="0.000" /><testcase classname="tests.test_schemas.TestShowUser" name="test_show_user_valid_data" time="0.001" /><testcase classname="tests.test_schemas.TestShowUser" name="test_show_user_optional_fields" time="0.000" /><testcase classname="tests.test_schemas.TestShowArticle" name="test_show_article_valid_data" time="0.000" /><testcase classname="tests.test_schemas.TestShowArticle" name="test_show_article_body_html_with_none_body" time="0.000" /><testcase classname="tests.test_schemas.TestShowArticle" name="test_show_article_body_html_conversion" time="0.001" /><testcase classname="tests.test_schemas.TestLogin" name="test_login_valid_data" time="0.000" /><testcase classname="tests.test_schemas.TestLogin" name="test_login_optional_fields" time="0.000" /><testcase classname="tests.test_schemas.TestLogin" name="test_login_email_validation" time="0.000" /><testcase classname="tests.test_schemas.TestPasswordChange" name="test_password_change_valid_data" time="0.000" /><testcase classname="tests.test_schemas.TestPasswordChange" name="test_password_change_required_fields" time="0.000" /><testcase classname="tests.test_schemas.TestPasswordChange" name="test_password_change_new_password_min_length" time="0.000" /><testcase classname="tests.test_schemas.TestToken" name="test_token_valid_data" time="0.000" /><testcase classname="tests.test_schemas.TestToken" name="test_token_required_fields" time="0.000" /><testcase classname="tests.test_schemas.TestTokenData" name="test_token_data_valid_email" time="0.000" /><testcase classname="tests.test_schemas.TestTokenData" name="test_token_data_optional_email" time="0.000" /><testcase classname="tests.test_schemas.TestPublicArticle" name="test_public_article_valid_data" time="0.000" /><testcase classname="tests.test_schemas.TestPublicArticle" name="test_public_article_required_fields" time="0.000" /><testcase classname="tests.test_schemas.TestAccountDeletionRequest" name="test_account_deletion_request_valid_data" time="0.000" /><testcase classname="tests.test_schemas.TestAccountDeletionRequest" name="test_account_deletion_request_validate_passwords_match" time="0.000" /><testcase classname="tests.test_schemas.TestAccountDeletionRequest" name="test_account_deletion_request_password_min_length" time="0.000" /><testcase classname="tests.test_schemas.TestValidationExceptionHandler" name="test_validation_exception_handler" time="0.003" /><testcase classname="tests.test_schemas.TestValidationExceptionHandler" name="test_validation_exception_handler_different_error_formats" time="0.003" /><testcase classname="tests.test_user_deletion_integration.TestDeleteUserAccountIntegration" name="test_delete_account_without_auth_header" time="0.002" /><testcase classname="tests.test_user_deletion_integration.TestDeleteUserAccountIntegration" name="test_delete_account_success_with_auth" time="0.008" /><testcase classname="tests.test_user_deletion_integration.TestDeleteUserAccountIntegration" name="test_delete_account_unauthorized_different_email" time="0.004" /><testcase classname="tests.test_user_deletion_integration.TestDeleteUserAccountIntegration" name="test_delete_account_password_mismatch" time="0.004" /><testcase classname="tests.test_user_deletion_integration.TestDeleteUserAccountIntegration" name="test_delete_account_wrong_password" time="0.004" /><testcase classname="tests.test_user_deletion_integration.TestDeleteUserAccountIntegration" name="test_delete_account_invalid_token" time="0.002" /><testcase classname="tests.test_user_deletion_integration.TestDeleteUserAccountIntegration" name="test_delete_account_expired_token" time="0.003" /><testcase classname="tests.test_user_router.TestUserRouterEnvironmentVariables" name="test_allowed_email_domains_configuration" time="0.000" /><testcase classname="tests.test_user_router.TestUserRouterEnvironmentVariables" name="test_enable_domain_restriction_configuration" time="0.000" /><testcase classname="tests.test_user_router.TestUserRouterEnvironmentVariables" name="test_enable_email_verification_configuration" time="0.000" /><testcase classname="tests.test_user_router.TestUserRouterExceptions" name="test_user_not_found_error_with_id" time="0.000" /><testcase classname="tests.test_user_router.TestUserRouterExceptions" name="test_user_not_found_error_with_email" time="0.000" /><testcase classname="tests.test_user_router.TestUserRouterExceptions" name="test_user_not_found_error_default" time="0.000" /><testcase classname="tests.test_user_router.TestUserRouterExceptions" name="test_email_verification_error" time="0.000" /><testcase classname="tests.test_user_router.TestUserRouterExceptions" name="test_database_error" time="0.000" /><testcase classname="tests.test_user_router.TestCreateUserEndpoint" name="test_create_user_missing_email" time="0.003" /><testcase classname="tests.test_user_router.TestCreateUserEndpoint" name="test_create_user_domain_restriction_enabled_invalid_domain" time="0.003" /><testcase classname="tests.test_user_router.TestCreateUserEndpoint" name="test_create_user_duplicate_email" time="0.003" /><testcase classname="tests.test_user_router.TestCreateUserEndpoint" name="test_create_user_email_verification_enabled_new_user" time="0.005" /><testcase classname="tests.test_user_router.TestCreateUserEndpoint" name="test_create_user_email_verification_enabled_existing_verified" time="0.004" /><testcase classname="tests.test_user_router.TestCreateUserEndpoint" name="test_create_user_email_verification_enabled_existing_unverified" time="0.006" /><testcase classname="tests.test_user_router.TestCreateUserEndpoint" name="test_create_user_email_verification_disabled" time="0.004" /><testcase classname="tests.test_user_router.TestCreateUserEndpoint" name="test_create_user_database_error" time="0.005" /><testcase classname="tests.test_user_router.TestVerifyEmailEndpoint" name="test_verify_email_invalid_token_format" time="0.002" /><testcase classname="tests.test_user_router.TestVerifyEmailEndpoint" name="test_verify_email_token_not_found" time="0.003" /><testcase classname="tests.test_user_router.TestVerifyEmailEndpoint" name="test_verify_email_already_verified" time="0.002" /><testcase classname="tests.test_user_router.TestVerifyEmailEndpoint" name="test_verify_email_expired_token" time="0.003" /><testcase classname="tests.test_user_router.TestVerifyEmailEndpoint" name="test_verify_email_success" time="0.004" /><testcase classname="tests.test_user_router.TestVerifyEmailEndpoint" name="test_verify_email_success_with_custom_password" time="0.005" /><testcase classname="tests.test_user_router.TestVerifyEmailEndpoint" name="test_verify_email_url_decoding" time="0.003" /><testcase classname="tests.test_user_router.TestShowUserEndpoint" name="test_show_user_access_other_user" time="0.001" /><testcase classname="tests.test_user_router.TestShowUserEndpoint" name="test_show_user_not_found" time="0.002" /><testcase classname="tests.test_user_router.TestShowUserEndpoint" name="test_show_user_success" time="0.002" /><testcase classname="tests.test_user_router.TestDeleteUserAccountEndpoint" name="test_delete_user_account_user_not_found" time="0.003" /><testcase classname="tests.test_user_router.TestDeleteUserAccountEndpoint" name="test_delete_user_account_no_password_set" time="0.004" /><testcase classname="tests.test_user_router.TestDeleteUserAccountEndpoint" name="test_delete_user_account_wrong_password" time="0.003" /><testcase classname="tests.test_user_router.TestDeleteUserAccountEndpoint" name="test_delete_user_account_no_email" time="0.004" /><testcase classname="tests.test_user_router.TestDeleteUserAccountEndpoint" name="test_delete_user_account_success" time="0.006" /><testcase classname="tests.test_user_router.TestDeleteUserAccountEndpoint" name="test_delete_user_account_password_mismatch" time="0.003" /><testcase classname="tests.test_user_router.TestDeleteUserAccountEndpoint" name="test_delete_user_account_database_error" time="0.003" /><testcase classname="tests.test_user_router.TestResendVerificationEmailEndpoint" name="test_resend_verification_email_not_found" time="0.002" /><testcase classname="tests.test_user_router.TestResendVerificationEmailEndpoint" name="test_resend_verification_email_success" time="0.003" /><testcase classname="tests.test_user_router.TestUserRouterIntegration" name="test_router_configuration" time="0.000" /><testcase classname="tests.test_user_router.TestUserRouterIntegration" name="test_router_endpoints_exist" time="0.000" /><testcase classname="tests.test_user_router.TestUserRouterEdgeCases" name="test_create_user_with_name_field" time="0.004" /><testcase classname="tests.test_user_router.TestUserRouterEdgeCases" name="test_verify_email_empty_token" time="0.001" /><testcase classname="tests.test_user_router.TestUserRouterEdgeCases" name="test_verify_email_none_expires_at" time="0.003" /><testcase classname="tests.test_user_router.TestDeleteUserAccountWithAuth" name="test_delete_user_account_unauthorized_different_email" time="0.003" /><testcase classname="tests.test_user_router.TestDeleteUserAccountWithAuth" name="test_delete_user_account_success_with_auth" time="0.007" /><testcase classname="tests.test_user_router.TestDeleteUserAccountWithAuth" name="test_delete_user_account_password_mismatch_with_auth" time="0.003" /><testcase classname="tests.test_user_router.TestDeleteUserAccountWithAuth" name="test_delete_user_account_wrong_password_with_auth" time="0.004" /></testsuite></testsuites>