<?xml version="1.0" encoding="utf-8"?><testsuites><testsuite name="pytest" errors="0" failures="2" skipped="0" tests="26" time="0.687" timestamp="2025-06-05T20:47:43.231459+09:00" hostname="osakatatsuhikonoMac-mini.local"><testcase classname="tests.test_exceptions.TestDatabaseConnectionError" name="test_database_connection_error_default_message" time="0.001" /><testcase classname="tests.test_exceptions.TestDatabaseConnectionError" name="test_database_connection_error_custom_message" time="0.000" /><testcase classname="tests.test_exceptions.TestDatabaseConnectionError" name="test_database_connection_error_inheritance" time="0.000" /><testcase classname="tests.test_exceptions.TestDatabaseConnectionError" name="test_database_connection_error_raise" time="0.000" /><testcase classname="tests.test_exceptions.TestDatabaseConnectionError" name="test_database_connection_error_empty_message" time="0.000" /><testcase classname="tests.test_exceptions.TestDatabaseConnectionError" name="test_database_connection_error_none_message" time="0.000"><failure message="Failed: DID NOT RAISE &lt;class 'TypeError'&gt;">tests/test_exceptions.py:49: in test_database_connection_error_none_message
    with pytest.raises(TypeError):
E   Failed: DID NOT RAISE &lt;class 'TypeError'&gt;</failure></testcase><testcase classname="tests.test_exceptions.TestAuthenticationError" name="test_authentication_error_default_message" time="0.000" /><testcase classname="tests.test_exceptions.TestAuthenticationError" name="test_authentication_error_custom_message" time="0.000" /><testcase classname="tests.test_exceptions.TestAuthenticationError" name="test_authentication_error_inheritance" time="0.000" /><testcase classname="tests.test_exceptions.TestAuthenticationError" name="test_authentication_error_raise" time="0.000" /><testcase classname="tests.test_exceptions.TestAuthenticationError" name="test_authentication_error_long_message" time="0.000" /><testcase classname="tests.test_exceptions.TestAuthenticationError" name="test_authentication_error_unicode_message" time="0.000" /><testcase classname="tests.test_exceptions.TestValidationError" name="test_validation_error_default_message" time="0.000" /><testcase classname="tests.test_exceptions.TestValidationError" name="test_validation_error_custom_message" time="0.000" /><testcase classname="tests.test_exceptions.TestValidationError" name="test_validation_error_inheritance" time="0.000" /><testcase classname="tests.test_exceptions.TestValidationError" name="test_validation_error_raise" time="0.000" /><testcase classname="tests.test_exceptions.TestValidationError" name="test_validation_error_multiple_fields" time="0.000" /><testcase classname="tests.test_exceptions.TestValidationError" name="test_validation_error_json_like_message" time="0.000" /><testcase classname="tests.test_exceptions.TestCustomExceptionsInteraction" name="test_different_exception_types" time="0.000" /><testcase classname="tests.test_exceptions.TestCustomExceptionsInteraction" name="test_exception_hierarchy" time="0.000" /><testcase classname="tests.test_exceptions.TestCustomExceptionsInteraction" name="test_exception_catching" time="0.000"><failure message="exceptions.ValidationError: This should not be caught">tests/test_exceptions.py:180: in test_exception_catching
    raise ValidationError("This should not be caught")
E   exceptions.ValidationError: This should not be caught</failure></testcase><testcase classname="tests.test_exceptions.TestCustomExceptionsInteraction" name="test_exception_message_attributes_consistency" time="0.000" /><testcase classname="tests.test_exceptions.TestExceptionUsageScenarios" name="test_database_error_scenario" time="0.000" /><testcase classname="tests.test_exceptions.TestExceptionUsageScenarios" name="test_authentication_error_scenario" time="0.000" /><testcase classname="tests.test_exceptions.TestExceptionUsageScenarios" name="test_validation_error_scenario" time="0.000" /><testcase classname="tests.test_exceptions.TestExceptionUsageScenarios" name="test_nested_exception_handling" time="0.000" /></testsuite></testsuites>