<?xml version="1.0" encoding="utf-8"?><testsuites><testsuite name="pytest" errors="0" failures="0" skipped="0" tests="59" time="0.491" timestamp="2025-06-02T13:26:36.811097+09:00" hostname="osakatatsuhikonoMac-mini.local"><testcase classname="tests.test_database.TestCheckEnvFile" name="test_check_env_file_default_path" time="0.001" /><testcase classname="tests.test_database.TestCheckEnvFile" name="test_check_env_file_custom_str_path" time="0.001" /><testcase classname="tests.test_database.TestCheckEnvFile" name="test_check_env_file_custom_path_object" time="0.000" /><testcase classname="tests.test_database.TestCheckEnvFile" name="test_check_env_file_existing_file" time="0.005" /><testcase classname="tests.test_database.TestCheckEnvFile" name="test_check_env_file_non_existing_file" time="0.001" /><testcase classname="tests.test_database.TestReadEnvVar" name="test_read_env_var_all_variables_set" time="0.001" /><testcase classname="tests.test_database.TestReadEnvVar" name="test_read_env_var_single_cors_origin" time="0.001" /><testcase classname="tests.test_database.TestReadEnvVar" name="test_read_env_var_posgre_url_fallback" time="0.001" /><testcase classname="tests.test_database.TestReadEnvVar" name="test_read_env_var_missing_variables" time="0.001" /><testcase classname="tests.test_database.TestReadEnvVar" name="test_read_env_var_empty_file" time="0.001" /><testcase classname="tests.test_database.TestCreateDatabaseEngine" name="test_create_database_engine_production" time="0.000" /><testcase classname="tests.test_database.TestCreateDatabaseEngine" name="test_create_database_engine_development" time="0.000" /><testcase classname="tests.test_database.TestCreateDatabaseEngine" name="test_create_database_engine_no_environment" time="0.000" /><testcase classname="tests.test_database.TestCreateDatabaseEngine" name="test_create_database_engine_production_no_url" time="0.000" /><testcase classname="tests.test_database.TestCreateDatabaseEngine" name="test_create_database_engine_production_invalid_url" time="0.001" /><testcase classname="tests.test_database.TestCreateDatabaseEngine" name="test_create_database_engine_exception_handling" time="0.000" /><testcase classname="tests.test_database.TestCreateSession" name="test_create_session_success" time="0.000" /><testcase classname="tests.test_database.TestCreateSession" name="test_create_session_exception" time="0.001" /><testcase classname="tests.test_database.TestGetDb" name="test_get_db_success" time="0.001" /><testcase classname="tests.test_database.TestGetDb" name="test_get_db_exception_handling" time="0.001" /><testcase classname="tests.test_database.TestDatabaseConnectionError" name="test_database_connection_error" time="0.000" /><testcase classname="tests.test_database.TestEnvironmentConfig" name="test_environment_config_type_structure" time="0.000" /><testcase classname="tests.test_database.TestEnvironmentConfig" name="test_environment_config_optional_fields" time="0.000" /><testcase classname="tests.test_database.TestEnvironmentConfig" name="test_environment_config_empty" time="0.000" /><testcase classname="tests.test_database.TestBase" name="test_base_class_inheritance" time="0.001" /><testcase classname="tests.test_database.TestIntegration" name="test_full_database_setup_development" time="0.001" /><testcase classname="tests.test_schemas.TestLengthMismatchError" name="test_custom_exception" time="0.000" /><testcase classname="tests.test_schemas.TestArticleBase" name="test_valid_article_creation" time="0.000" /><testcase classname="tests.test_schemas.TestArticleBase" name="test_required_fields" time="0.000" /><testcase classname="tests.test_schemas.TestArticleBase" name="test_title_max_length_validation" time="0.000" /><testcase classname="tests.test_schemas.TestArticleBase" name="test_body_max_length_validation" time="0.000" /><testcase classname="tests.test_schemas.TestArticleBase" name="test_body_html_conversion" time="0.004" /><testcase classname="tests.test_schemas.TestArticleBase" name="test_optional_fields" time="0.000" /><testcase classname="tests.test_schemas.TestArticle" name="test_article_inheritance" time="0.000" /><testcase classname="tests.test_schemas.TestUser" name="test_valid_user_creation" time="0.003" /><testcase classname="tests.test_schemas.TestUser" name="test_email_validation" time="0.000" /><testcase classname="tests.test_schemas.TestUser" name="test_email_max_length" time="0.000" /><testcase classname="tests.test_schemas.TestUser" name="test_password_max_length" time="0.000" /><testcase classname="tests.test_schemas.TestUser" name="test_optional_fields" time="0.000" /><testcase classname="tests.test_schemas.TestShowUser" name="test_show_user_with_blogs" time="0.000" /><testcase classname="tests.test_schemas.TestShowArticle" name="test_show_article_with_body_html" time="0.000" /><testcase classname="tests.test_schemas.TestShowArticle" name="test_body_html_with_none_body" time="0.000" /><testcase classname="tests.test_schemas.TestLogin" name="test_valid_login" time="0.000" /><testcase classname="tests.test_schemas.TestLogin" name="test_login_email_validation" time="0.000" /><testcase classname="tests.test_schemas.TestLogin" name="test_password_max_length" time="0.000" /><testcase classname="tests.test_schemas.TestPasswordChange" name="test_valid_password_change" time="0.000" /><testcase classname="tests.test_schemas.TestPasswordChange" name="test_username_email_validation" time="0.000" /><testcase classname="tests.test_schemas.TestPasswordChange" name="test_new_password_min_length" time="0.000" /><testcase classname="tests.test_schemas.TestPasswordChange" name="test_required_fields" time="0.000" /><testcase classname="tests.test_schemas.TestToken" name="test_token_creation" time="0.000" /><testcase classname="tests.test_schemas.TestTokenData" name="test_token_data_with_email" time="0.000" /><testcase classname="tests.test_schemas.TestTokenData" name="test_token_data_without_email" time="0.000" /><testcase classname="tests.test_schemas.TestPublicArticle" name="test_public_article_creation" time="0.000" /><testcase classname="tests.test_schemas.TestPublicArticle" name="test_required_fields" time="0.000" /><testcase classname="tests.test_schemas.TestAccountDeletionRequest" name="test_valid_deletion_request" time="0.000" /><testcase classname="tests.test_schemas.TestAccountDeletionRequest" name="test_email_validation_for_deletion" time="0.000" /><testcase classname="tests.test_schemas.TestAccountDeletionRequest" name="test_password_min_length" time="0.000" /><testcase classname="tests.test_schemas.TestAccountDeletionRequest" name="test_validate_passwords_match_success" time="0.000" /><testcase classname="tests.test_schemas.TestAccountDeletionRequest" name="test_validate_passwords_match_failure" time="0.000" /></testsuite></testsuites>