<?xml version="1.0" encoding="utf-8"?><testsuites><testsuite name="pytest" errors="0" failures="0" skipped="0" tests="12" time="2.070" timestamp="2025-06-05T21:09:55.685325+09:00" hostname="osakatatsuhikonoMac-mini.local"><testcase classname="tests.test_main.TestMainAppConfiguration" name="test_app_creation" time="0.731" /><testcase classname="tests.test_main.TestMainAppConfiguration" name="test_cors_origins_from_env" time="0.013" /><testcase classname="tests.test_main.TestMainAppConfiguration" name="test_cors_fallback_when_no_origins" time="0.013" /><testcase classname="tests.test_main.TestMainAppConfiguration" name="test_cors_with_pytest_environment" time="0.013" /><testcase classname="tests.test_main.TestCORSMiddleware" name="test_cors_middleware_configuration" time="0.012" /><testcase classname="tests.test_main.TestExceptionHandler" name="test_email_validation_error_handler" time="0.002" /><testcase classname="tests.test_main.TestExceptionHandler" name="test_general_validation_error_handler" time="0.002" /><testcase classname="tests.test_main.TestExceptionHandler" name="test_email_error_detection_logic" time="0.013" /><testcase classname="tests.test_main.TestRouterInclusion" name="test_routers_included" time="0.012" /><testcase classname="tests.test_main.TestDatabaseInitialization" name="test_database_tables_creation" time="0.012" /><testcase classname="tests.test_main.TestApplicationIntegration" name="test_app_startup_flow" time="0.013" /><testcase classname="tests.test_main.TestApplicationIntegration" name="test_environment_variable_handling" time="0.034" /></testsuite></testsuites>