<?xml version="1.0" encoding="utf-8"?><testsuites><testsuite name="pytest" errors="0" failures="0" skipped="0" tests="44" time="44.290" timestamp="2025-06-05T20:30:40.252624+09:00" hostname="osakatatsuhikonoMac-mini.local"><testcase classname="tests.test_hashing.TestPasswordContext" name="test_password_context_creation" time="0.001" /><testcase classname="tests.test_hashing.TestPasswordContext" name="test_password_context_schemes" time="0.000" /><testcase classname="tests.test_hashing.TestPasswordContext" name="test_password_context_configuration" time="0.000" /><testcase classname="tests.test_hashing.TestPasswordContext" name="test_deprecated_schemes" time="0.460" /><testcase classname="tests.test_hashing.TestHashClass" name="test_hash_class_exists" time="0.000" /><testcase classname="tests.test_hashing.TestHashClass" name="test_hash_methods_are_static" time="0.000" /><testcase classname="tests.test_hashing.TestBcryptHashing" name="test_bcrypt_basic_hashing" time="0.218" /><testcase classname="tests.test_hashing.TestBcryptHashing" name="test_bcrypt_hash_format" time="0.215" /><testcase classname="tests.test_hashing.TestBcryptHashing" name="test_bcrypt_rounds_configuration" time="0.228" /><testcase classname="tests.test_hashing.TestBcryptHashing" name="test_bcrypt_version_identifier" time="0.216" /><testcase classname="tests.test_hashing.TestBcryptHashing" name="test_bcrypt_different_passwords_different_hashes" time="0.429" /><testcase classname="tests.test_hashing.TestBcryptHashing" name="test_bcrypt_same_password_different_salts" time="0.435" /><testcase classname="tests.test_hashing.TestBcryptHashing" name="test_bcrypt_empty_password" time="0.432" /><testcase classname="tests.test_hashing.TestBcryptHashing" name="test_bcrypt_unicode_password" time="0.433" /><testcase classname="tests.test_hashing.TestBcryptHashing" name="test_bcrypt_long_password" time="0.432" /><testcase classname="tests.test_hashing.TestBcryptHashing" name="test_bcrypt_special_characters" time="0.427" /><testcase classname="tests.test_hashing.TestPasswordVerification" name="test_verify_correct_password" time="0.429" /><testcase classname="tests.test_hashing.TestPasswordVerification" name="test_verify_incorrect_password" time="0.438" /><testcase classname="tests.test_hashing.TestPasswordVerification" name="test_verify_case_sensitive" time="0.924" /><testcase classname="tests.test_hashing.TestPasswordVerification" name="test_verify_empty_password" time="0.661" /><testcase classname="tests.test_hashing.TestPasswordVerification" name="test_verify_whitespace_password" time="0.646" /><testcase classname="tests.test_hashing.TestPasswordVerification" name="test_verify_multiple_passwords" time="1.971" /><testcase classname="tests.test_hashing.TestHashSecurity" name="test_hash_timing_consistency" time="0.645" /><testcase classname="tests.test_hashing.TestHashSecurity" name="test_verify_timing_consistency" time="0.642" /><testcase classname="tests.test_hashing.TestHashSecurity" name="test_salt_randomness" time="2.140" /><testcase classname="tests.test_hashing.TestHashSecurity" name="test_hash_strength" time="0.213" /><testcase classname="tests.test_hashing.TestErrorHandling" name="test_verify_invalid_hash_format" time="0.000" /><testcase classname="tests.test_hashing.TestErrorHandling" name="test_verify_none_hash" time="0.427" /><testcase classname="tests.test_hashing.TestErrorHandling" name="test_bcrypt_none_password" time="0.001" /><testcase classname="tests.test_hashing.TestErrorHandling" name="test_verify_none_password" time="0.213" /><testcase classname="tests.test_hashing.TestErrorHandling" name="test_bcrypt_context_error_handling" time="0.001" /><testcase classname="tests.test_hashing.TestErrorHandling" name="test_verify_context_error_handling" time="0.001" /><testcase classname="tests.test_hashing.TestPerformance" name="test_hashing_performance" time="0.214" /><testcase classname="tests.test_hashing.TestPerformance" name="test_verification_performance" time="0.431" /><testcase classname="tests.test_hashing.TestPerformance" name="test_multiple_operations_performance" time="2.189" /><testcase classname="tests.test_hashing.TestEdgeCases" name="test_very_long_password" time="0.428" /><testcase classname="tests.test_hashing.TestEdgeCases" name="test_password_size_limit" time="0.000" /><testcase classname="tests.test_hashing.TestEdgeCases" name="test_binary_like_password_safe" time="0.437" /><testcase classname="tests.test_hashing.TestEdgeCases" name="test_null_byte_password_error" time="0.000" /><testcase classname="tests.test_hashing.TestEdgeCases" name="test_newline_password" time="0.433" /><testcase classname="tests.test_hashing.TestEdgeCases" name="test_numeric_only_password" time="0.646" /><testcase classname="tests.test_hashing.TestIntegration" name="test_full_password_lifecycle" time="1.070" /><testcase classname="tests.test_hashing.TestIntegration" name="test_cross_platform_compatibility" time="0.215" /><testcase classname="tests.test_hashing.TestIntegration" name="test_concurrent_operations_simulation" time="23.829" /></testsuite></testsuites>