<?xml version="1.0" encoding="utf-8"?><testsuites><testsuite name="pytest" errors="0" failures="0" skipped="0" tests="10" time="1.385" timestamp="2025-06-05T20:56:15.609384+09:00" hostname="osakatatsuhikonoMac-mini.local"><testcase classname="tests.test_auth_router.TestAuthRouterDependencies" name="test_get_db_success" time="0.169" /><testcase classname="tests.test_auth_router.TestAuthRouterDependencies" name="test_get_db_exception_handling" time="0.026" /><testcase classname="tests.test_auth_router.TestLoginEndpoint" name="test_login_success" time="0.003" /><testcase classname="tests.test_auth_router.TestLoginEndpoint" name="test_login_user_not_found" time="0.002" /><testcase classname="tests.test_auth_router.TestLoginEndpoint" name="test_login_invalid_password" time="0.002" /><testcase classname="tests.test_auth_router.TestTokenVerification" name="test_verify_token_success" time="0.001" /><testcase classname="tests.test_auth_router.TestTokenVerification" name="test_verify_token_no_subject" time="0.000" /><testcase classname="tests.test_auth_router.TestTokenVerification" name="test_verify_token_blacklisted" time="0.000" /><testcase classname="tests.test_auth_router.TestLogoutEndpoint" name="test_logout_success" time="0.001" /><testcase classname="tests.test_auth_router.TestGetAllBlogsEndpoint" name="test_get_all_blogs_success" time="0.001" /></testsuite></testsuites>