<?xml version="1.0" encoding="utf-8"?><testsuites><testsuite name="pytest" errors="0" failures="0" skipped="0" tests="21" time="1.847" timestamp="2025-06-05T20:46:26.050403+09:00" hostname="osakatatsuhikonoMac-mini.local"><testcase classname="tests.test_custom_token.TestTokenType" name="test_token_type_values" time="0.001" /><testcase classname="tests.test_custom_token.TestTokenConfig" name="test_default_expires_configuration" time="0.000" /><testcase classname="tests.test_custom_token.TestCreateAccessToken" name="test_create_access_token_success" time="0.018" /><testcase classname="tests.test_custom_token.TestCreateAccessToken" name="test_create_access_token_with_custom_expires" time="0.001" /><testcase classname="tests.test_custom_token.TestCreateAccessToken" name="test_create_access_token_different_types" time="0.001" /><testcase classname="tests.test_custom_token.TestCreateAccessToken" name="test_create_access_token_empty_data" time="0.001" /><testcase classname="tests.test_custom_token.TestCreateAccessToken" name="test_create_access_token_invalid_data_type" time="0.000" /><testcase classname="tests.test_custom_token.TestCreateAccessToken" name="test_create_access_token_missing_secret_key" time="0.009" /><testcase classname="tests.test_custom_token.TestCreateAccessToken" name="test_create_access_token_jwt_error" time="0.001" /><testcase classname="tests.test_custom_token.TestVerifyTokenWithType" name="test_verify_token_with_type_success" time="0.001" /><testcase classname="tests.test_custom_token.TestVerifyTokenWithType" name="test_verify_token_with_type_wrong_type" time="0.001" /><testcase classname="tests.test_custom_token.TestVerifyTokenWithType" name="test_verify_token_with_type_missing_secret_key" time="0.001" /><testcase classname="tests.test_custom_token.TestVerifyTokenWithType" name="test_verify_token_with_type_invalid_token" time="0.001" /><testcase classname="tests.test_custom_token.TestVerifyToken" name="test_verify_token_success" time="0.025" /><testcase classname="tests.test_custom_token.TestVerifyToken" name="test_verify_token_missing_secret_key" time="0.001" /><testcase classname="tests.test_custom_token.TestVerifyToken" name="test_verify_token_missing_email" time="0.001" /><testcase classname="tests.test_custom_token.TestVerifyToken" name="test_verify_token_missing_id" time="0.001" /><testcase classname="tests.test_custom_token.TestVerifyToken" name="test_verify_token_invalid_jwt" time="0.001" /><testcase classname="tests.test_custom_token.TestGetUserById" name="test_get_user_by_id_success" time="0.002" /><testcase classname="tests.test_custom_token.TestGetUserById" name="test_get_user_by_id_not_found" time="0.001" /><testcase classname="tests.test_custom_token.TestIntegration" name="test_token_creation_and_verification_flow" time="0.002" /></testsuite></testsuites>