<?xml version="1.0" encoding="utf-8"?><testsuites><testsuite name="pytest" errors="0" failures="0" skipped="0" tests="11" time="2.032" timestamp="2025-06-05T20:58:11.531141+09:00" hostname="osakatatsuhikonoMac-mini.local"><testcase classname="tests.test_article_router.TestAllFetchEndpoint" name="test_all_fetch_success_without_limit" time="0.097" /><testcase classname="tests.test_article_router.TestAllFetchEndpoint" name="test_all_fetch_success_with_limit" time="0.003" /><testcase classname="tests.test_article_router.TestAllFetchEndpoint" name="test_all_fetch_no_articles_found" time="0.027" /><testcase classname="tests.test_article_router.TestAllFetchEndpoint" name="test_all_fetch_database_error" time="0.002" /><testcase classname="tests.test_article_router.TestGetArticleEndpoint" name="test_get_article_success" time="0.003" /><testcase classname="tests.test_article_router.TestGetArticleEndpoint" name="test_get_article_not_found" time="0.001" /><testcase classname="tests.test_article_router.TestGetArticleEndpoint" name="test_get_article_database_error" time="0.001" /><testcase classname="tests.test_article_router.TestCreateArticleEndpoint" name="test_article_router_prefix_and_tags" time="0.000" /><testcase classname="tests.test_article_router.TestArticleRouterIntegration" name="test_article_lifecycle_flow" time="0.006" /><testcase classname="tests.test_article_router.TestArticleBaseModel" name="test_article_base_creation" time="0.000" /><testcase classname="tests.test_article_router.TestQueryParameters" name="test_limit_parameter_validation" time="0.018" /></testsuite></testsuites>