<?xml version="1.0" encoding="utf-8"?><testsuites><testsuite name="pytest" errors="0" failures="6" skipped="0" tests="7" time="2.044" timestamp="2025-06-05T21:19:28.076529+09:00" hostname="osakatatsuhikonoMac-mini.local"><testcase classname="tests.test_user_deletion_integration.TestDeleteUserAccountIntegration" name="test_delete_account_without_auth_header" time="0.019" /><testcase classname="tests.test_user_deletion_integration.TestDeleteUserAccountIntegration" name="test_delete_account_success_with_auth" time="0.025"><failure message="assert 401 == 200&#10; +  where 401 = &lt;Response [401 Unauthorized]&gt;.status_code&#10; +  and   200 = status.HTTP_200_OK">tests/test_user_deletion_integration.py:110: in test_delete_account_success_with_auth
    assert response.status_code == status.HTTP_200_OK
E   assert 401 == 200
E    +  where 401 = &lt;Response [401 Unauthorized]&gt;.status_code
E    +  and   200 = status.HTTP_200_OK</failure></testcase><testcase classname="tests.test_user_deletion_integration.TestDeleteUserAccountIntegration" name="test_delete_account_unauthorized_different_email" time="0.006"><failure message="assert 401 == 403&#10; +  where 401 = &lt;Response [401 Unauthorized]&gt;.status_code&#10; +  and   403 = status.HTTP_403_FORBIDDEN">tests/test_user_deletion_integration.py:136: in test_delete_account_unauthorized_different_email
    assert response.status_code == status.HTTP_403_FORBIDDEN
E   assert 401 == 403
E    +  where 401 = &lt;Response [401 Unauthorized]&gt;.status_code
E    +  and   403 = status.HTTP_403_FORBIDDEN</failure></testcase><testcase classname="tests.test_user_deletion_integration.TestDeleteUserAccountIntegration" name="test_delete_account_password_mismatch" time="0.007"><failure message="assert 401 == 400&#10; +  where 401 = &lt;Response [401 Unauthorized]&gt;.status_code&#10; +  and   400 = status.HTTP_400_BAD_REQUEST">tests/test_user_deletion_integration.py:156: in test_delete_account_password_mismatch
    assert response.status_code == status.HTTP_400_BAD_REQUEST
E   assert 401 == 400
E    +  where 401 = &lt;Response [401 Unauthorized]&gt;.status_code
E    +  and   400 = status.HTTP_400_BAD_REQUEST</failure></testcase><testcase classname="tests.test_user_deletion_integration.TestDeleteUserAccountIntegration" name="test_delete_account_wrong_password" time="0.010"><failure message="AssertionError: assert '\u30d1\u30b9\u30ef\u30fc\u30c9\u304c\u6b63\u3057\u304f\u3042\u308a\u307e\u305b\u3093' in '\u8a8d\u8a3c\u60c5\u5831\u304c\u7121\u52b9\u3067\u3059'">tests/test_user_deletion_integration.py:179: in test_delete_account_wrong_password
    assert "パスワードが正しくありません" in response.json()["detail"]
E   AssertionError: assert '\u30d1\u30b9\u30ef\u30fc\u30c9\u304c\u6b63\u3057\u304f\u3042\u308a\u307e\u305b\u3093' in '\u8a8d\u8a3c\u60c5\u5831\u304c\u7121\u52b9\u3067\u3059'</failure></testcase><testcase classname="tests.test_user_deletion_integration.TestDeleteUserAccountIntegration" name="test_delete_account_invalid_token" time="0.009"><failure message="AssertionError: assert 'Could not validate credentials' in '\u8a8d\u8a3c\u60c5\u5831\u304c\u7121\u52b9\u3067\u3059'">tests/test_user_deletion_integration.py:189: in test_delete_account_invalid_token
    assert "Could not validate credentials" in response.json()["detail"]
E   AssertionError: assert 'Could not validate credentials' in '\u8a8d\u8a3c\u60c5\u5831\u304c\u7121\u52b9\u3067\u3059'</failure></testcase><testcase classname="tests.test_user_deletion_integration.TestDeleteUserAccountIntegration" name="test_delete_account_expired_token" time="0.007"><failure message="AssertionError: assert 'Could not validate credentials' in '\u8a8d\u8a3c\u60c5\u5831\u304c\u7121\u52b9\u3067\u3059'">tests/test_user_deletion_integration.py:207: in test_delete_account_expired_token
    assert "Could not validate credentials" in response.json()["detail"]
E   AssertionError: assert 'Could not validate credentials' in '\u8a8d\u8a3c\u60c5\u5831\u304c\u7121\u52b9\u3067\u3059'</failure></testcase></testsuite></testsuites>