<?xml version="1.0" encoding="utf-8"?><testsuites><testsuite name="pytest" errors="0" failures="0" skipped="0" tests="15" time="1.422" timestamp="2025-06-05T20:26:21.523442+09:00" hostname="osakatatsuhikonoMac-mini.local"><testcase classname="tests.test_database.TestCheckEnvFile" name="test_check_env_file_not_exists_production" time="0.004" /><testcase classname="tests.test_database.TestCheckEnvFile" name="test_check_env_file_default_path_production" time="0.000" /><testcase classname="tests.test_database.TestReadEnvVar" name="test_read_env_var_from_render" time="0.001" /><testcase classname="tests.test_database.TestReadEnvVar" name="test_read_env_var_single_cors_origin_dummy" time="0.001" /><testcase classname="tests.test_database.TestReadEnvVar" name="test_read_env_var_missing_values_production" time="0.001" /><testcase classname="tests.test_database.TestReadEnvVar" name="test_read_env_var_multiple_cors_origins_dummy" time="0.001" /><testcase classname="tests.test_database.TestCreateDatabaseEngine" name="test_create_database_engine_production_render" time="0.042" /><testcase classname="tests.test_database.TestCreateDatabaseEngine" name="test_create_database_engine_development_fallback" time="0.001" /><testcase classname="tests.test_database.TestCreateDatabaseEngine" name="test_create_database_engine_no_postgres_url_render" time="0.001" /><testcase classname="tests.test_database.TestCreateSession" name="test_create_session_success" time="0.001" /><testcase classname="tests.test_database.TestCreateSession" name="test_create_session_failure" time="0.001" /><testcase classname="tests.test_database.TestGetDb" name="test_get_db_success" time="0.001" /><testcase classname="tests.test_database.TestGetDb" name="test_get_db_exception" time="0.001" /><testcase classname="tests.test_database.TestEnvironmentConfig" name="test_environment_config_render_production" time="0.000" /><testcase classname="tests.test_database.TestEnvironmentConfig" name="test_environment_config_no_env_file" time="0.000" /></testsuite></testsuites>