<?xml version="1.0" encoding="utf-8"?><testsuites><testsuite name="pytest" errors="0" failures="2" skipped="0" tests="34" time="1.056" timestamp="2025-06-05T20:43:06.244287+09:00" hostname="osakatatsuhikonoMac-mini.local"><testcase classname="tests.test_schemas.TestLengthMismatchError" name="test_length_mismatch_error_creation" time="0.001" /><testcase classname="tests.test_schemas.TestArticleBase" name="test_article_base_valid_data" time="0.000" /><testcase classname="tests.test_schemas.TestArticleBase" name="test_article_base_body_html_conversion" time="0.006" /><testcase classname="tests.test_schemas.TestArticleBase" name="test_article_base_title_max_length" time="0.001" /><testcase classname="tests.test_schemas.TestArticleBase" name="test_article_base_body_max_length" time="0.000" /><testcase classname="tests.test_schemas.TestArticleBase" name="test_article_base_required_fields" time="0.000" /><testcase classname="tests.test_schemas.TestArticle" name="test_article_inherits_from_article_base" time="0.000" /><testcase classname="tests.test_schemas.TestUser" name="test_user_valid_data" time="0.004" /><testcase classname="tests.test_schemas.TestUser" name="test_user_optional_fields" time="0.000" /><testcase classname="tests.test_schemas.TestUser" name="test_user_email_validation" time="0.001" /><testcase classname="tests.test_schemas.TestUser" name="test_user_email_max_length" time="0.001" /><testcase classname="tests.test_schemas.TestUser" name="test_user_password_max_length" time="0.000" /><testcase classname="tests.test_schemas.TestShowUser" name="test_show_user_valid_data" time="0.000" /><testcase classname="tests.test_schemas.TestShowUser" name="test_show_user_optional_fields" time="0.000" /><testcase classname="tests.test_schemas.TestShowArticle" name="test_show_article_valid_data" time="0.000" /><testcase classname="tests.test_schemas.TestShowArticle" name="test_show_article_body_html_with_none_body" time="0.000" /><testcase classname="tests.test_schemas.TestShowArticle" name="test_show_article_body_html_conversion" time="0.001" /><testcase classname="tests.test_schemas.TestLogin" name="test_login_valid_data" time="0.000" /><testcase classname="tests.test_schemas.TestLogin" name="test_login_optional_fields" time="0.000" /><testcase classname="tests.test_schemas.TestLogin" name="test_login_email_validation" time="0.000" /><testcase classname="tests.test_schemas.TestPasswordChange" name="test_password_change_valid_data" time="0.000" /><testcase classname="tests.test_schemas.TestPasswordChange" name="test_password_change_required_fields" time="0.000" /><testcase classname="tests.test_schemas.TestPasswordChange" name="test_password_change_new_password_min_length" time="0.000" /><testcase classname="tests.test_schemas.TestToken" name="test_token_valid_data" time="0.000" /><testcase classname="tests.test_schemas.TestToken" name="test_token_required_fields" time="0.000" /><testcase classname="tests.test_schemas.TestTokenData" name="test_token_data_valid_email" time="0.000" /><testcase classname="tests.test_schemas.TestTokenData" name="test_token_data_optional_email" time="0.000" /><testcase classname="tests.test_schemas.TestPublicArticle" name="test_public_article_valid_data" time="0.000" /><testcase classname="tests.test_schemas.TestPublicArticle" name="test_public_article_required_fields" time="0.000" /><testcase classname="tests.test_schemas.TestAccountDeletionRequest" name="test_account_deletion_request_valid_data" time="0.000" /><testcase classname="tests.test_schemas.TestAccountDeletionRequest" name="test_account_deletion_request_validate_passwords_match" time="0.000" /><testcase classname="tests.test_schemas.TestAccountDeletionRequest" name="test_account_deletion_request_password_min_length" time="0.000" /><testcase classname="tests.test_schemas.TestValidationExceptionHandler" name="test_validation_exception_handler" time="0.002"><failure message="AttributeError: &lt;module 'schemas' from '/Users/tatu/Documents/GitHub/blog-api-main/schemas.py'&gt; does not have the attribute 'request_validation_exception_handler'">tests/test_schemas.py:401: in test_validation_exception_handler
    with patch('schemas.request_validation_exception_handler') as mock_handler:
/opt/homebrew/Cellar/python@3.11/3.11.11/Frameworks/Python.framework/Versions/3.11/lib/python3.11/unittest/mock.py:1446: in __enter__
    original, local = self.get_original()
/opt/homebrew/Cellar/python@3.11/3.11.11/Frameworks/Python.framework/Versions/3.11/lib/python3.11/unittest/mock.py:1419: in get_original
    raise AttributeError(
E   AttributeError: &lt;module 'schemas' from '/Users/tatu/Documents/GitHub/blog-api-main/schemas.py'&gt; does not have the attribute 'request_validation_exception_handler'</failure></testcase><testcase classname="tests.test_schemas.TestValidationExceptionHandler" name="test_validation_exception_handler_different_error_formats" time="0.002"><failure message="AttributeError: &lt;module 'schemas' from '/Users/tatu/Documents/GitHub/blog-api-main/schemas.py'&gt; does not have the attribute 'request_validation_exception_handler'">tests/test_schemas.py:426: in test_validation_exception_handler_different_error_formats
    with patch('schemas.request_validation_exception_handler') as mock_handler:
/opt/homebrew/Cellar/python@3.11/3.11.11/Frameworks/Python.framework/Versions/3.11/lib/python3.11/unittest/mock.py:1446: in __enter__
    original, local = self.get_original()
/opt/homebrew/Cellar/python@3.11/3.11.11/Frameworks/Python.framework/Versions/3.11/lib/python3.11/unittest/mock.py:1419: in get_original
    raise AttributeError(
E   AttributeError: &lt;module 'schemas' from '/Users/tatu/Documents/GitHub/blog-api-main/schemas.py'&gt; does not have the attribute 'request_validation_exception_handler'</failure></testcase></testsuite></testsuites>