<?xml version="1.0" encoding="utf-8"?><testsuites><testsuite name="pytest" errors="0" failures="0" skipped="0" tests="12" time="1.336" timestamp="2025-06-05T20:35:02.499751+09:00" hostname="osakatatsuhikonoMac-mini.local"><testcase classname="tests.test_models.TestUserModel" name="test_user_creation" time="0.016" /><testcase classname="tests.test_models.TestUserModel" name="test_user_default_values" time="0.004" /><testcase classname="tests.test_models.TestUserModel" name="test_user_optional_fields" time="0.003" /><testcase classname="tests.test_models.TestUserModel" name="test_user_with_blogs_relationship" time="0.006" /><testcase classname="tests.test_models.TestUserModel" name="test_user_inactive_state" time="0.003" /><testcase classname="tests.test_models.TestArticleModel" name="test_article_creation" time="0.004" /><testcase classname="tests.test_models.TestArticleModel" name="test_article_without_user" time="0.003" /><testcase classname="tests.test_models.TestArticleModel" name="test_article_owner_relationship" time="0.004" /><testcase classname="tests.test_models.TestArticleModel" name="test_multiple_articles_same_user" time="0.006" /><testcase classname="tests.test_models.TestEmailVerificationModel" name="test_email_verification_creation" time="0.004" /><testcase classname="tests.test_models.TestEmailVerificationModel" name="test_email_verification_defaults" time="0.003" /><testcase classname="tests.test_models.TestEmailVerificationModel" name="test_create_verification_classmethod" time="0.005" /></testsuite></testsuites>