<?xml version="1.0" encoding="utf-8"?><testsuites><testsuite name="pytest" errors="0" failures="1" skipped="0" tests="19" time="1.288" timestamp="2025-06-05T21:17:36.458444+09:00" hostname="osakatatsuhikonoMac-mini.local"><testcase classname="tests.test_email_sender.TestEmailSenderConfiguration" name="test_get_mail_config" time="0.008" /><testcase classname="tests.test_email_sender.TestEmailSenderConfiguration" name="test_get_mail_config_defaults" time="0.001"><failure message="ValueError: invalid literal for int() with base 10: ''">tests/test_email_sender.py:52: in test_get_mail_config_defaults
    config = get_mail_config()
utils/email_sender.py:19: in get_mail_config
    MAIL_PORT=int(os.getenv("MAIL_PORT", "587")),
E   ValueError: invalid literal for int() with base 10: ''</failure></testcase><testcase classname="tests.test_email_sender.TestEmailSenderConfiguration" name="test_is_email_enabled_true" time="0.001" /><testcase classname="tests.test_email_sender.TestEmailSenderConfiguration" name="test_is_email_enabled_false" time="0.000" /><testcase classname="tests.test_email_sender.TestEmailSenderConfiguration" name="test_validate_mail_config_valid" time="0.000" /><testcase classname="tests.test_email_sender.TestEmailSenderConfiguration" name="test_validate_mail_config_invalid" time="0.000" /><testcase classname="tests.test_email_sender.TestEmailSenderDevMode" name="test_print_dev_mode_email" time="0.000" /><testcase classname="tests.test_email_sender.TestEmailSenderDevMode" name="test_send_verification_email_dev_mode" time="0.003" /><testcase classname="tests.test_email_sender.TestEmailSenderVerificationEmail" name="test_send_verification_email_local_url" time="0.002" /><testcase classname="tests.test_email_sender.TestEmailSenderVerificationEmail" name="test_send_verification_email_production_url" time="0.001" /><testcase classname="tests.test_email_sender.TestEmailSenderVerificationEmail" name="test_send_verification_email_real_sending" time="0.003" /><testcase classname="tests.test_email_sender.TestEmailSenderVerificationEmail" name="test_send_verification_email_invalid_config" time="0.023" /><testcase classname="tests.test_email_sender.TestEmailSenderRegistrationEmail" name="test_send_registration_complete_email_dev_mode" time="0.002" /><testcase classname="tests.test_email_sender.TestEmailSenderDeletionEmail" name="test_send_account_deletion_email_dev_mode" time="0.002" /><testcase classname="tests.test_email_sender.TestEmailSenderErrorHandling" name="test_send_verification_email_exception_handling" time="0.003" /><testcase classname="tests.test_email_sender.TestEmailSenderErrorHandling" name="test_send_verification_email_no_config" time="0.002" /><testcase classname="tests.test_email_sender.TestEmailSenderUtilityFunctions" name="test_quote_token_encoding" time="0.000" /><testcase classname="tests.test_email_sender.TestEmailSenderUtilityFunctions" name="test_environment_variable_access" time="0.001" /><testcase classname="tests.test_email_sender.TestEmailSenderIntegration" name="test_all_email_functions_dev_mode" time="0.001" /></testsuite></testsuites>