<?xml version="1.0" encoding="utf-8"?><testsuites><testsuite name="pytest" errors="0" failures="0" skipped="0" tests="16" time="0.732" timestamp="2025-06-05T21:12:09.377415+09:00" hostname="osakatatsuhikonoMac-mini.local"><testcase classname="tests.test_custom_logger.TestCustomLoggerConfiguration" name="test_log_directory_creation" time="0.002" /><testcase classname="tests.test_custom_logger.TestCustomLoggerConfiguration" name="test_logger_instance_creation" time="0.000" /><testcase classname="tests.test_custom_logger.TestCustomLoggerConfiguration" name="test_logger_handlers_setup" time="0.000" /><testcase classname="tests.test_custom_logger.TestCustomLoggerConfiguration" name="test_formatter_configuration" time="0.000" /><testcase classname="tests.test_custom_logger.TestLoggingFunctions" name="test_create_logger_function" time="0.001" /><testcase classname="tests.test_custom_logger.TestLoggingFunctions" name="test_create_error_logger_function" time="0.001" /><testcase classname="tests.test_custom_logger.TestLoggingFunctions" name="test_create_logger_with_empty_message" time="0.005" /><testcase classname="tests.test_custom_logger.TestLoggingFunctions" name="test_create_error_logger_with_empty_message" time="0.003" /><testcase classname="tests.test_custom_logger.TestLoggerIntegration" name="test_logger_duplicate_handler_prevention" time="0.000" /><testcase classname="tests.test_custom_logger.TestLoggerIntegration" name="test_logging_levels_separation" time="0.001" /><testcase classname="tests.test_custom_logger.TestLoggerIntegration" name="test_logger_file_paths" time="0.000" /><testcase classname="tests.test_custom_logger.TestLoggerErrorHandling" name="test_logger_with_unicode_messages" time="0.000" /><testcase classname="tests.test_custom_logger.TestLoggerErrorHandling" name="test_logger_with_special_characters" time="0.000" /><testcase classname="tests.test_custom_logger.TestLoggerErrorHandling" name="test_logger_with_long_messages" time="0.000" /><testcase classname="tests.test_custom_logger.TestLoggerModuleImport" name="test_module_imports" time="0.000" /><testcase classname="tests.test_custom_logger.TestLoggerModuleImport" name="test_function_signatures" time="0.000" /></testsuite></testsuites>