<?xml version="1.0" encoding="utf-8"?><testsuites><testsuite name="pytest" errors="0" failures="0" skipped="0" tests="44" time="1.599" timestamp="2025-06-05T21:04:57.196954+09:00" hostname="osakatatsuhikonoMac-mini.local"><testcase classname="tests.test_user_router.TestUserRouterEnvironmentVariables" name="test_allowed_email_domains_configuration" time="0.001" /><testcase classname="tests.test_user_router.TestUserRouterEnvironmentVariables" name="test_enable_domain_restriction_configuration" time="0.000" /><testcase classname="tests.test_user_router.TestUserRouterEnvironmentVariables" name="test_enable_email_verification_configuration" time="0.000" /><testcase classname="tests.test_user_router.TestUserRouterExceptions" name="test_user_not_found_error_with_id" time="0.000" /><testcase classname="tests.test_user_router.TestUserRouterExceptions" name="test_user_not_found_error_with_email" time="0.000" /><testcase classname="tests.test_user_router.TestUserRouterExceptions" name="test_user_not_found_error_default" time="0.000" /><testcase classname="tests.test_user_router.TestUserRouterExceptions" name="test_email_verification_error" time="0.000" /><testcase classname="tests.test_user_router.TestUserRouterExceptions" name="test_database_error" time="0.000" /><testcase classname="tests.test_user_router.TestCreateUserEndpoint" name="test_create_user_missing_email" time="0.004" /><testcase classname="tests.test_user_router.TestCreateUserEndpoint" name="test_create_user_domain_restriction_enabled_invalid_domain" time="0.015" /><testcase classname="tests.test_user_router.TestCreateUserEndpoint" name="test_create_user_duplicate_email" time="0.003" /><testcase classname="tests.test_user_router.TestCreateUserEndpoint" name="test_create_user_email_verification_enabled_new_user" time="0.007" /><testcase classname="tests.test_user_router.TestCreateUserEndpoint" name="test_create_user_email_verification_enabled_existing_verified" time="0.005" /><testcase classname="tests.test_user_router.TestCreateUserEndpoint" name="test_create_user_email_verification_enabled_existing_unverified" time="0.005" /><testcase classname="tests.test_user_router.TestCreateUserEndpoint" name="test_create_user_email_verification_disabled" time="0.004" /><testcase classname="tests.test_user_router.TestCreateUserEndpoint" name="test_create_user_database_error" time="0.004" /><testcase classname="tests.test_user_router.TestVerifyEmailEndpoint" name="test_verify_email_invalid_token_format" time="0.002" /><testcase classname="tests.test_user_router.TestVerifyEmailEndpoint" name="test_verify_email_token_not_found" time="0.003" /><testcase classname="tests.test_user_router.TestVerifyEmailEndpoint" name="test_verify_email_already_verified" time="0.003" /><testcase classname="tests.test_user_router.TestVerifyEmailEndpoint" name="test_verify_email_expired_token" time="0.002" /><testcase classname="tests.test_user_router.TestVerifyEmailEndpoint" name="test_verify_email_success" time="0.003" /><testcase classname="tests.test_user_router.TestVerifyEmailEndpoint" name="test_verify_email_success_with_custom_password" time="0.003" /><testcase classname="tests.test_user_router.TestVerifyEmailEndpoint" name="test_verify_email_url_decoding" time="0.004" /><testcase classname="tests.test_user_router.TestShowUserEndpoint" name="test_show_user_access_other_user" time="0.001" /><testcase classname="tests.test_user_router.TestShowUserEndpoint" name="test_show_user_not_found" time="0.002" /><testcase classname="tests.test_user_router.TestShowUserEndpoint" name="test_show_user_success" time="0.002" /><testcase classname="tests.test_user_router.TestDeleteUserAccountEndpoint" name="test_delete_user_account_user_not_found" time="0.025" /><testcase classname="tests.test_user_router.TestDeleteUserAccountEndpoint" name="test_delete_user_account_no_password_set" time="0.003" /><testcase classname="tests.test_user_router.TestDeleteUserAccountEndpoint" name="test_delete_user_account_wrong_password" time="0.004" /><testcase classname="tests.test_user_router.TestDeleteUserAccountEndpoint" name="test_delete_user_account_no_email" time="0.003" /><testcase classname="tests.test_user_router.TestDeleteUserAccountEndpoint" name="test_delete_user_account_success" time="0.007" /><testcase classname="tests.test_user_router.TestDeleteUserAccountEndpoint" name="test_delete_user_account_password_mismatch" time="0.003" /><testcase classname="tests.test_user_router.TestDeleteUserAccountEndpoint" name="test_delete_user_account_database_error" time="0.003" /><testcase classname="tests.test_user_router.TestResendVerificationEmailEndpoint" name="test_resend_verification_email_not_found" time="0.002" /><testcase classname="tests.test_user_router.TestResendVerificationEmailEndpoint" name="test_resend_verification_email_success" time="0.003" /><testcase classname="tests.test_user_router.TestUserRouterIntegration" name="test_router_configuration" time="0.000" /><testcase classname="tests.test_user_router.TestUserRouterIntegration" name="test_router_endpoints_exist" time="0.001" /><testcase classname="tests.test_user_router.TestUserRouterEdgeCases" name="test_create_user_with_name_field" time="0.004" /><testcase classname="tests.test_user_router.TestUserRouterEdgeCases" name="test_verify_email_empty_token" time="0.001" /><testcase classname="tests.test_user_router.TestUserRouterEdgeCases" name="test_verify_email_none_expires_at" time="0.004" /><testcase classname="tests.test_user_router.TestDeleteUserAccountWithAuth" name="test_delete_user_account_unauthorized_different_email" time="0.003" /><testcase classname="tests.test_user_router.TestDeleteUserAccountWithAuth" name="test_delete_user_account_success_with_auth" time="0.006" /><testcase classname="tests.test_user_router.TestDeleteUserAccountWithAuth" name="test_delete_user_account_password_mismatch_with_auth" time="0.003" /><testcase classname="tests.test_user_router.TestDeleteUserAccountWithAuth" name="test_delete_user_account_wrong_password_with_auth" time="0.004" /></testsuite></testsuites>