<?xml version="1.0" encoding="utf-8"?><testsuites><testsuite name="pytest" errors="0" failures="0" skipped="0" tests="26" time="1.465" timestamp="2025-06-05T20:26:34.429864+09:00" hostname="osakatatsuhikonoMac-mini.local"><testcase classname="tests.test_models.TestArticleModel" name="test_article_table_name" time="0.001" /><testcase classname="tests.test_models.TestArticleModel" name="test_article_columns_definition" time="0.000" /><testcase classname="tests.test_models.TestArticleModel" name="test_article_creation" time="0.003" /><testcase classname="tests.test_models.TestArticleModel" name="test_article_with_user_id" time="0.000" /><testcase classname="tests.test_models.TestArticleModel" name="test_article_post_init" time="0.001" /><testcase classname="tests.test_models.TestArticleModel" name="test_article_relationship_definition" time="0.000" /><testcase classname="tests.test_models.TestUserModel" name="test_user_table_name" time="0.000" /><testcase classname="tests.test_models.TestUserModel" name="test_user_columns_definition" time="0.000" /><testcase classname="tests.test_models.TestUserModel" name="test_user_creation" time="0.001" /><testcase classname="tests.test_models.TestUserModel" name="test_user_optional_fields" time="0.000" /><testcase classname="tests.test_models.TestUserModel" name="test_user_is_active_custom_value" time="0.000" /><testcase classname="tests.test_models.TestUserModel" name="test_user_relationship_definition" time="0.000" /><testcase classname="tests.test_models.TestEmailVerificationModel" name="test_email_verification_table_name" time="0.000" /><testcase classname="tests.test_models.TestEmailVerificationModel" name="test_email_verification_columns_definition" time="0.000" /><testcase classname="tests.test_models.TestEmailVerificationModel" name="test_email_verification_creation" time="0.000" /><testcase classname="tests.test_models.TestEmailVerificationModel" name="test_email_verification_with_datetime" time="0.000" /><testcase classname="tests.test_models.TestEmailVerificationModel" name="test_create_verification_class_method" time="0.001" /><testcase classname="tests.test_models.TestEmailVerificationModel" name="test_create_verification_returns_instance" time="0.000" /><testcase classname="tests.test_models.TestModelRelationships" name="test_article_user_relationship_consistency" time="0.000" /><testcase classname="tests.test_models.TestModelRelationships" name="test_foreign_key_consistency" time="0.000" /><testcase classname="tests.test_models.TestModelTableStructure" name="test_all_models_inherit_from_base" time="0.000" /><testcase classname="tests.test_models.TestModelTableStructure" name="test_table_names_are_unique" time="0.000" /><testcase classname="tests.test_models.TestModelTableStructure" name="test_model_docstrings_exist" time="0.000" /><testcase classname="tests.test_models.TestModelsIntegration" name="test_user_article_relationship_in_db" time="0.013" /><testcase classname="tests.test_models.TestModelsIntegration" name="test_email_verification_in_db" time="0.005" /><testcase classname="tests.test_models.TestModelsIntegration" name="test_unique_constraints" time="0.003" /></testsuite></testsuites>