<?xml version="1.0" encoding="utf-8"?><testsuites><testsuite name="pytest" errors="0" failures="0" skipped="0" tests="12" time="1.366" timestamp="2025-06-05T21:15:13.604145+09:00" hostname="osakatatsuhikonoMac-mini.local"><testcase classname="tests.test_email_validator.TestEmailValidatorDomainRestriction" name="test_domain_restriction_disabled" time="0.155" /><testcase classname="tests.test_email_validator.TestEmailValidatorDomainRestriction" name="test_domain_restriction_enabled_with_allowed_domains" time="0.001" /><testcase classname="tests.test_email_validator.TestEmailValidatorDomainRestriction" name="test_domain_restriction_enabled_no_allowed_domains" time="0.001" /><testcase classname="tests.test_email_validator.TestEmailValidatorDomainRestriction" name="test_case_insensitive_domain_matching" time="0.001" /><testcase classname="tests.test_email_validator.TestEmailValidatorDomainRestriction" name="test_invalid_email_format" time="0.001" /><testcase classname="tests.test_email_validator.TestEmailValidatorDomainRestriction" name="test_whitespace_handling_in_domains" time="0.001" /><testcase classname="tests.test_email_validator.TestEmailValidatorEdgeCases" name="test_empty_domain_list_handling" time="0.001" /><testcase classname="tests.test_email_validator.TestEmailValidatorEdgeCases" name="test_single_domain" time="0.001" /><testcase classname="tests.test_email_validator.TestEmailValidatorEdgeCases" name="test_unicode_domains" time="0.001" /><testcase classname="tests.test_email_validator.TestEmailValidatorLogging" name="test_logging_for_allowed_domain" time="0.001" /><testcase classname="tests.test_email_validator.TestEmailValidatorLogging" name="test_logging_for_disallowed_domain" time="0.001" /><testcase classname="tests.test_email_validator.TestEmailValidatorLogging" name="test_logging_for_invalid_format" time="0.001" /></testsuite></testsuites>