<?xml version="1.0" encoding="utf-8"?><testsuites><testsuite name="pytest" errors="0" failures="0" skipped="0" tests="13" time="1.111" timestamp="2025-06-05T20:41:22.440476+09:00" hostname="osakatatsuhikonoMac-mini.local"><testcase classname="tests.test_oauth2.TestOAuth2Module" name="test_get_current_user_valid_token" time="0.006" /><testcase classname="tests.test_oauth2.TestOAuth2Module" name="test_get_current_user_none_token" time="0.001" /><testcase classname="tests.test_oauth2.TestOAuth2Module" name="test_get_current_user_none_secret_key" time="0.001" /><testcase classname="tests.test_oauth2.TestOAuth2Module" name="test_get_current_user_jwt_decode_error" time="0.001" /><testcase classname="tests.test_oauth2.TestOAuth2Module" name="test_get_current_user_missing_email_in_payload" time="0.001" /><testcase classname="tests.test_oauth2.TestOAuth2Module" name="test_get_current_user_missing_id_in_payload" time="0.001" /><testcase classname="tests.test_oauth2.TestOAuth2Module" name="test_get_current_user_invalid_id_type" time="0.001" /><testcase classname="tests.test_oauth2.TestOAuth2Module" name="test_get_current_user_user_not_found" time="0.002" /><testcase classname="tests.test_oauth2.TestOAuth2Module" name="test_oauth2_scheme_configuration" time="0.000" /><testcase classname="tests.test_oauth2.TestOAuth2Module" name="test_get_current_user_token_data_creation" time="0.003" /><testcase classname="tests.test_oauth2.TestOAuth2Module" name="test_algorithm_configuration" time="0.000" /><testcase classname="tests.test_oauth2.TestOAuth2Module" name="test_get_current_user_complex_scenario" time="0.002" /><testcase classname="tests.test_oauth2.TestOAuth2Module" name="test_get_current_user_error_handling_comprehensive" time="0.002" /></testsuite></testsuites>