<?xml version="1.0" encoding="utf-8"?><testsuites><testsuite name="pytest" errors="0" failures="0" skipped="0" tests="48" time="0.288" timestamp="2025-06-02T16:26:59.250958+09:00" hostname="osakatatsuhikonoMac-mini.local"><testcase classname="tests.test_email_sender.TestEmailSenderHelperFunctions" name="test_get_mail_config_with_default_values" time="0.004" /><testcase classname="tests.test_email_sender.TestEmailSenderHelperFunctions" name="test_get_mail_config_with_custom_values" time="0.001" /><testcase classname="tests.test_email_sender.TestEmailSenderHelperFunctions" name="test_get_mail_config_port_conversion" time="0.001" /><testcase classname="tests.test_email_sender.TestEmailSenderHelperFunctions" name="test_get_mail_config_boolean_conversion" time="0.003" /><testcase classname="tests.test_email_sender.TestEmailSenderHelperFunctions" name="test_is_email_enabled_true" time="0.000" /><testcase classname="tests.test_email_sender.TestEmailSenderHelperFunctions" name="test_is_email_enabled_false" time="0.001" /><testcase classname="tests.test_email_sender.TestEmailSenderHelperFunctions" name="test_is_email_enabled_default" time="0.000" /><testcase classname="tests.test_email_sender.TestEmailSenderHelperFunctions" name="test_validate_mail_config_valid" time="0.000" /><testcase classname="tests.test_email_sender.TestEmailSenderHelperFunctions" name="test_validate_mail_config_missing_username" time="0.000" /><testcase classname="tests.test_email_sender.TestEmailSenderHelperFunctions" name="test_validate_mail_config_missing_password" time="0.000" /><testcase classname="tests.test_email_sender.TestEmailSenderHelperFunctions" name="test_validate_mail_config_missing_from" time="0.000" /><testcase classname="tests.test_email_sender.TestEmailSenderHelperFunctions" name="test_validate_mail_config_empty_values" time="0.000" /><testcase classname="tests.test_email_sender.TestEmailSenderHelperFunctions" name="test_validate_mail_config_all_empty" time="0.000" /><testcase classname="tests.test_email_sender.TestPrintDevModeEmail" name="test_print_dev_mode_email_basic" time="0.000" /><testcase classname="tests.test_email_sender.TestPrintDevModeEmail" name="test_print_dev_mode_email_with_verification_url" time="0.000" /><testcase classname="tests.test_email_sender.TestPrintDevModeEmail" name="test_print_dev_mode_email_without_verification_url" time="0.000" /><testcase classname="tests.test_email_sender.TestSendVerificationEmail" name="test_send_verification_email_dev_mode_disabled" time="0.002" /><testcase classname="tests.test_email_sender.TestSendVerificationEmail" name="test_send_verification_email_invalid_config" time="0.004" /><testcase classname="tests.test_email_sender.TestSendVerificationEmail" name="test_send_verification_email_url_generation_local" time="0.001" /><testcase classname="tests.test_email_sender.TestSendVerificationEmail" name="test_send_verification_email_url_generation_production" time="0.001" /><testcase classname="tests.test_email_sender.TestSendVerificationEmail" name="test_send_verification_email_successful_sending" time="0.004" /><testcase classname="tests.test_email_sender.TestSendVerificationEmail" name="test_send_verification_email_plain_text_mode" time="0.002" /><testcase classname="tests.test_email_sender.TestSendVerificationEmail" name="test_send_verification_email_html_mode" time="0.002" /><testcase classname="tests.test_email_sender.TestSendVerificationEmail" name="test_send_verification_email_exception_handling" time="0.002" /><testcase classname="tests.test_email_sender.TestSendVerificationEmail" name="test_send_verification_email_config_none_exception" time="0.001" /><testcase classname="tests.test_email_sender.TestSendRegistrationCompleteEmail" name="test_send_registration_complete_email_dev_mode" time="0.001" /><testcase classname="tests.test_email_sender.TestSendRegistrationCompleteEmail" name="test_send_registration_complete_email_invalid_config" time="0.001" /><testcase classname="tests.test_email_sender.TestSendRegistrationCompleteEmail" name="test_send_registration_complete_email_successful" time="0.002" /><testcase classname="tests.test_email_sender.TestSendRegistrationCompleteEmail" name="test_send_registration_complete_email_exception" time="0.001" /><testcase classname="tests.test_email_sender.TestSendAccountDeletionEmail" name="test_send_account_deletion_email_dev_mode" time="0.001" /><testcase classname="tests.test_email_sender.TestSendAccountDeletionEmail" name="test_send_account_deletion_email_invalid_config" time="0.001" /><testcase classname="tests.test_email_sender.TestSendAccountDeletionEmail" name="test_send_account_deletion_email_successful" time="0.002" /><testcase classname="tests.test_email_sender.TestSendAccountDeletionEmail" name="test_send_account_deletion_email_exception" time="0.001" /><testcase classname="tests.test_email_sender.TestEmailContentAndFormatting" name="test_verification_email_content_includes_required_elements" time="0.001" /><testcase classname="tests.test_email_sender.TestEmailContentAndFormatting" name="test_registration_complete_email_content" time="0.001" /><testcase classname="tests.test_email_sender.TestEmailContentAndFormatting" name="test_account_deletion_email_content" time="0.001" /><testcase classname="tests.test_email_sender.TestEnvironmentVariableHandling" name="test_cors_origins_handling" time="0.000" /><testcase classname="tests.test_email_sender.TestEnvironmentVariableHandling" name="test_server_port_default" time="0.001" /><testcase classname="tests.test_email_sender.TestEnvironmentVariableHandling" name="test_server_port_custom" time="0.000" /><testcase classname="tests.test_email_sender.TestEdgeCasesAndErrorScenarios" name="test_email_with_special_characters" time="0.001" /><testcase classname="tests.test_email_sender.TestEdgeCasesAndErrorScenarios" name="test_empty_string_parameters" time="0.001" /><testcase classname="tests.test_email_sender.TestEdgeCasesAndErrorScenarios" name="test_unicode_characters_in_username" time="0.001" /><testcase classname="tests.test_email_sender.TestEdgeCasesAndErrorScenarios" name="test_mail_config_with_invalid_port" time="0.000" /><testcase classname="tests.test_email_sender.TestEdgeCasesAndErrorScenarios" name="test_mail_config_with_invalid_email_format" time="0.001" /><testcase classname="tests.test_email_sender.TestIntegrationScenarios" name="test_complete_user_registration_flow" time="0.001" /><testcase classname="tests.test_email_sender.TestIntegrationScenarios" name="test_user_deletion_flow" time="0.001" /><testcase classname="tests.test_email_sender.TestPerformanceConsiderations" name="test_multiple_concurrent_emails" time="0.001" /><testcase classname="tests.test_email_sender.TestPerformanceConsiderations" name="test_config_creation_efficiency" time="0.025" /></testsuite></testsuites>