<?xml version="1.0" encoding="utf-8"?><testsuites><testsuite name="pytest" errors="0" failures="0" skipped="0" tests="35" time="0.308" timestamp="2025-06-02T16:37:45.079086+09:00" hostname="osakatatsuhikonoMac-mini.local"><testcase classname="tests.test_email_validator.TestEmailValidatorDomainRestrictionDisabled" name="test_domain_restriction_disabled_returns_true_for_any_email" time="0.002" /><testcase classname="tests.test_email_validator.TestEmailValidatorDomainRestrictionDisabled" name="test_domain_restriction_disabled_by_default" time="0.001" /><testcase classname="tests.test_email_validator.TestEmailValidatorDomainRestrictionDisabled" name="test_domain_restriction_disabled_various_values" time="0.006" /><testcase classname="tests.test_email_validator.TestEmailValidatorDomainRestrictionDisabled" name="test_domain_restriction_disabled_with_invalid_email_format" time="0.001" /><testcase classname="tests.test_email_validator.TestEmailValidatorDomainRestrictionEnabled" name="test_domain_restriction_enabled_with_valid_domain" time="0.001" /><testcase classname="tests.test_email_validator.TestEmailValidatorDomainRestrictionEnabled" name="test_domain_restriction_enabled_with_invalid_domain" time="0.001" /><testcase classname="tests.test_email_validator.TestEmailValidatorDomainRestrictionEnabled" name="test_domain_restriction_enabled_case_insensitive" time="0.005" /><testcase classname="tests.test_email_validator.TestEmailValidatorDomainRestrictionEnabled" name="test_domain_restriction_enabled_various_enable_values" time="0.005" /><testcase classname="tests.test_email_validator.TestEmailValidatorDomainRestrictionEnabled" name="test_domain_restriction_enabled_multiple_domains" time="0.001" /><testcase classname="tests.test_email_validator.TestEmailValidatorDomainConfiguration" name="test_no_allowed_domains_configured" time="0.001" /><testcase classname="tests.test_email_validator.TestEmailValidatorDomainConfiguration" name="test_allowed_domains_not_set" time="0.001" /><testcase classname="tests.test_email_validator.TestEmailValidatorDomainConfiguration" name="test_allowed_domains_with_whitespace" time="0.001" /><testcase classname="tests.test_email_validator.TestEmailValidatorDomainConfiguration" name="test_allowed_domains_with_empty_entries" time="0.001" /><testcase classname="tests.test_email_validator.TestEmailValidatorDomainConfiguration" name="test_single_domain_configuration" time="0.002" /><testcase classname="tests.test_email_validator.TestEmailValidatorInvalidEmailFormats" name="test_email_without_at_symbol" time="0.001" /><testcase classname="tests.test_email_validator.TestEmailValidatorInvalidEmailFormats" name="test_email_with_multiple_at_symbols" time="0.001" /><testcase classname="tests.test_email_validator.TestEmailValidatorInvalidEmailFormats" name="test_empty_email" time="0.001" /><testcase classname="tests.test_email_validator.TestEmailValidatorInvalidEmailFormats" name="test_email_ending_with_at" time="0.001" /><testcase classname="tests.test_email_validator.TestEmailValidatorInvalidEmailFormats" name="test_email_starting_with_at" time="0.001" /><testcase classname="tests.test_email_validator.TestEmailValidatorEdgeCases" name="test_unicode_domain" time="0.001" /><testcase classname="tests.test_email_validator.TestEmailValidatorEdgeCases" name="test_subdomain_handling" time="0.001" /><testcase classname="tests.test_email_validator.TestEmailValidatorEdgeCases" name="test_subdomain_explicitly_allowed" time="0.001" /><testcase classname="tests.test_email_validator.TestEmailValidatorEdgeCases" name="test_very_long_domain" time="0.001" /><testcase classname="tests.test_email_validator.TestEmailValidatorEdgeCases" name="test_domain_with_special_characters" time="0.001" /><testcase classname="tests.test_email_validator.TestEmailValidatorEdgeCases" name="test_international_domain_extensions" time="0.001" /><testcase classname="tests.test_email_validator.TestEmailValidatorLogging" name="test_logging_for_disabled_restriction" time="0.001" /><testcase classname="tests.test_email_validator.TestEmailValidatorLogging" name="test_logging_for_missing_configuration" time="0.001" /><testcase classname="tests.test_email_validator.TestEmailValidatorLogging" name="test_logging_for_allowed_domain" time="0.001" /><testcase classname="tests.test_email_validator.TestEmailValidatorLogging" name="test_logging_for_disallowed_domain" time="0.001" /><testcase classname="tests.test_email_validator.TestEmailValidatorLogging" name="test_logging_for_invalid_email_format" time="0.001" /><testcase classname="tests.test_email_validator.TestEmailValidatorIntegrationScenarios" name="test_corporate_email_restriction_scenario" time="0.001" /><testcase classname="tests.test_email_validator.TestEmailValidatorIntegrationScenarios" name="test_educational_institution_scenario" time="0.001" /><testcase classname="tests.test_email_validator.TestEmailValidatorIntegrationScenarios" name="test_multi_environment_configuration" time="0.002" /><testcase classname="tests.test_email_validator.TestEmailValidatorPerformance" name="test_large_domain_list_performance" time="0.001" /><testcase classname="tests.test_email_validator.TestEmailValidatorPerformance" name="test_repeated_validation_calls" time="0.002" /></testsuite></testsuites>