<?xml version="1.0" encoding="utf-8"?><testsuites><testsuite name="pytest" errors="0" failures="0" skipped="0" tests="217" time="43.744" timestamp="2025-06-02T16:05:42.466533+09:00" hostname="osakatatsuhikonoMac-mini.local"><testcase classname="tests.test_custom_token.TestTokenType" name="test_token_type_values" time="0.000" /><testcase classname="tests.test_custom_token.TestTokenType" name="test_token_type_enum_members" time="0.000" /><testcase classname="tests.test_custom_token.TestTokenType" name="test_token_type_comparison" time="0.000" /><testcase classname="tests.test_custom_token.TestTokenType" name="test_token_type_string_representation" time="0.000" /><testcase classname="tests.test_custom_token.TestTokenConfig" name="test_default_expires_structure" time="0.000" /><testcase classname="tests.test_custom_token.TestTokenConfig" name="test_access_token_default_expiry" time="0.000" /><testcase classname="tests.test_custom_token.TestTokenConfig" name="test_email_verification_token_default_expiry" time="0.000" /><testcase classname="tests.test_custom_token.TestTokenConfig" name="test_password_reset_token_default_expiry" time="0.000" /><testcase classname="tests.test_custom_token.TestTokenConfig" name="test_all_token_types_have_defaults" time="0.000" /><testcase classname="tests.test_custom_token.TestCreateAccessToken" name="test_create_access_token_basic" time="0.001" /><testcase classname="tests.test_custom_token.TestCreateAccessToken" name="test_create_access_token_with_custom_expiry" time="0.000" /><testcase classname="tests.test_custom_token.TestCreateAccessToken" name="test_create_access_token_with_different_token_types" time="0.000" /><testcase classname="tests.test_custom_token.TestCreateAccessToken" name="test_create_access_token_empty_data_error" time="0.000" /><testcase classname="tests.test_custom_token.TestCreateAccessToken" name="test_create_access_token_invalid_data_type_error" time="0.000" /><testcase classname="tests.test_custom_token.TestCreateAccessToken" name="test_create_access_token_missing_secret_key_error" time="0.001" /><testcase classname="tests.test_custom_token.TestCreateAccessToken" name="test_create_access_token_jwt_error" time="0.001" /><testcase classname="tests.test_custom_token.TestCreateAccessToken" name="test_create_access_token_unexpected_error" time="0.001" /><testcase classname="tests.test_custom_token.TestCreateAccessToken" name="test_create_access_token_token_structure" time="0.000" /><testcase classname="tests.test_custom_token.TestCreateAccessToken" name="test_create_access_token_development_logging" time="0.001" /><testcase classname="tests.test_custom_token.TestVerifyTokenWithType" name="test_verify_token_with_type_success" time="0.000" /><testcase classname="tests.test_custom_token.TestVerifyTokenWithType" name="test_verify_token_with_type_wrong_type" time="0.000" /><testcase classname="tests.test_custom_token.TestVerifyTokenWithType" name="test_verify_token_with_type_missing_secret_key" time="0.001" /><testcase classname="tests.test_custom_token.TestVerifyTokenWithType" name="test_verify_token_with_type_invalid_token" time="0.000" /><testcase classname="tests.test_custom_token.TestVerifyTokenWithType" name="test_verify_token_with_type_expired_token" time="0.001" /><testcase classname="tests.test_custom_token.TestVerifyTokenWithType" name="test_verify_token_with_type_missing_type_field" time="0.000" /><testcase classname="tests.test_custom_token.TestVerifyTokenWithType" name="test_verify_token_with_type_error_logging" time="0.001" /><testcase classname="tests.test_custom_token.TestVerifyToken" name="test_verify_token_success" time="0.001" /><testcase classname="tests.test_custom_token.TestVerifyToken" name="test_verify_token_missing_secret_key" time="0.000" /><testcase classname="tests.test_custom_token.TestVerifyToken" name="test_verify_token_missing_email" time="0.000" /><testcase classname="tests.test_custom_token.TestVerifyToken" name="test_verify_token_missing_id" time="0.000" /><testcase classname="tests.test_custom_token.TestVerifyToken" name="test_verify_token_invalid_token" time="0.000" /><testcase classname="tests.test_custom_token.TestVerifyToken" name="test_verify_token_error_logging" time="0.001" /><testcase classname="tests.test_custom_token.TestGetUserById" name="test_get_user_by_id_success" time="0.001" /><testcase classname="tests.test_custom_token.TestGetUserById" name="test_get_user_by_id_not_found" time="0.001" /><testcase classname="tests.test_custom_token.TestGetUserById" name="test_get_user_by_id_different_ids" time="0.001" /><testcase classname="tests.test_custom_token.TestGetUserById" name="test_get_user_by_id_zero_id" time="0.001" /><testcase classname="tests.test_custom_token.TestGetUserById" name="test_get_user_by_id_negative_id" time="0.000" /><testcase classname="tests.test_custom_token.TestIntegrationScenarios" name="test_full_token_lifecycle" time="0.000" /><testcase classname="tests.test_custom_token.TestIntegrationScenarios" name="test_different_token_types_lifecycle" time="0.001" /><testcase classname="tests.test_custom_token.TestIntegrationScenarios" name="test_token_expiry_scenarios" time="0.000" /><testcase classname="tests.test_custom_token.TestIntegrationScenarios" name="test_security_scenarios" time="0.001" /><testcase classname="tests.test_custom_token.TestErrorHandling" name="test_environment_variable_edge_cases" time="0.001" /><testcase classname="tests.test_custom_token.TestErrorHandling" name="test_malformed_token_scenarios" time="0.001" /><testcase classname="tests.test_custom_token.TestErrorHandling" name="test_comprehensive_error_logging" time="0.001" /><testcase classname="tests.test_custom_token.TestConstants" name="test_algorithm_constant" time="0.000" /><testcase classname="tests.test_custom_token.TestConstants" name="test_access_token_expire_minutes_constant" time="0.000" /><testcase classname="tests.test_custom_token.TestConstants" name="test_jwt_payload_type_hint" time="0.000" /><testcase classname="tests.test_database.TestCheckEnvFile" name="test_check_env_file_default_path" time="0.000" /><testcase classname="tests.test_database.TestCheckEnvFile" name="test_check_env_file_custom_str_path" time="0.000" /><testcase classname="tests.test_database.TestCheckEnvFile" name="test_check_env_file_custom_path_object" time="0.000" /><testcase classname="tests.test_database.TestCheckEnvFile" name="test_check_env_file_existing_file" time="0.002" /><testcase classname="tests.test_database.TestCheckEnvFile" name="test_check_env_file_non_existing_file" time="0.001" /><testcase classname="tests.test_database.TestReadEnvVar" name="test_read_env_var_all_variables_set" time="0.001" /><testcase classname="tests.test_database.TestReadEnvVar" name="test_read_env_var_single_cors_origin" time="0.001" /><testcase classname="tests.test_database.TestReadEnvVar" name="test_read_env_var_posgre_url_fallback" time="0.001" /><testcase classname="tests.test_database.TestReadEnvVar" name="test_read_env_var_missing_variables" time="0.001" /><testcase classname="tests.test_database.TestReadEnvVar" name="test_read_env_var_empty_file" time="0.001" /><testcase classname="tests.test_database.TestCreateDatabaseEngine" name="test_create_database_engine_production" time="0.000" /><testcase classname="tests.test_database.TestCreateDatabaseEngine" name="test_create_database_engine_development" time="0.000" /><testcase classname="tests.test_database.TestCreateDatabaseEngine" name="test_create_database_engine_no_environment" time="0.000" /><testcase classname="tests.test_database.TestCreateDatabaseEngine" name="test_create_database_engine_production_no_url" time="0.001" /><testcase classname="tests.test_database.TestCreateDatabaseEngine" name="test_create_database_engine_production_invalid_url" time="0.000" /><testcase classname="tests.test_database.TestCreateDatabaseEngine" name="test_create_database_engine_exception_handling" time="0.000" /><testcase classname="tests.test_database.TestCreateSession" name="test_create_session_success" time="0.000" /><testcase classname="tests.test_database.TestCreateSession" name="test_create_session_exception" time="0.001" /><testcase classname="tests.test_database.TestGetDb" name="test_get_db_success" time="0.001" /><testcase classname="tests.test_database.TestGetDb" name="test_get_db_exception_handling" time="0.001" /><testcase classname="tests.test_database.TestDatabaseConnectionError" name="test_database_connection_error" time="0.000" /><testcase classname="tests.test_database.TestEnvironmentConfig" name="test_environment_config_type_structure" time="0.000" /><testcase classname="tests.test_database.TestEnvironmentConfig" name="test_environment_config_optional_fields" time="0.000" /><testcase classname="tests.test_database.TestEnvironmentConfig" name="test_environment_config_empty" time="0.000" /><testcase classname="tests.test_database.TestBase" name="test_base_class_inheritance" time="0.001" /><testcase classname="tests.test_database.TestIntegration" name="test_full_database_setup_development" time="0.001" /><testcase classname="tests.test_hashing.TestPasswordContext" name="test_password_context_creation" time="0.000" /><testcase classname="tests.test_hashing.TestPasswordContext" name="test_password_context_schemes" time="0.000" /><testcase classname="tests.test_hashing.TestPasswordContext" name="test_password_context_configuration" time="0.000" /><testcase classname="tests.test_hashing.TestPasswordContext" name="test_deprecated_schemes" time="0.456" /><testcase classname="tests.test_hashing.TestHashClass" name="test_hash_class_exists" time="0.000" /><testcase classname="tests.test_hashing.TestHashClass" name="test_hash_methods_are_static" time="0.000" /><testcase classname="tests.test_hashing.TestBcryptHashing" name="test_bcrypt_basic_hashing" time="0.215" /><testcase classname="tests.test_hashing.TestBcryptHashing" name="test_bcrypt_hash_format" time="0.264" /><testcase classname="tests.test_hashing.TestBcryptHashing" name="test_bcrypt_rounds_configuration" time="0.219" /><testcase classname="tests.test_hashing.TestBcryptHashing" name="test_bcrypt_version_identifier" time="0.214" /><testcase classname="tests.test_hashing.TestBcryptHashing" name="test_bcrypt_different_passwords_different_hashes" time="0.428" /><testcase classname="tests.test_hashing.TestBcryptHashing" name="test_bcrypt_same_password_different_salts" time="0.427" /><testcase classname="tests.test_hashing.TestBcryptHashing" name="test_bcrypt_empty_password" time="0.428" /><testcase classname="tests.test_hashing.TestBcryptHashing" name="test_bcrypt_unicode_password" time="0.429" /><testcase classname="tests.test_hashing.TestBcryptHashing" name="test_bcrypt_long_password" time="0.427" /><testcase classname="tests.test_hashing.TestBcryptHashing" name="test_bcrypt_special_characters" time="0.428" /><testcase classname="tests.test_hashing.TestPasswordVerification" name="test_verify_correct_password" time="0.428" /><testcase classname="tests.test_hashing.TestPasswordVerification" name="test_verify_incorrect_password" time="0.428" /><testcase classname="tests.test_hashing.TestPasswordVerification" name="test_verify_case_sensitive" time="0.857" /><testcase classname="tests.test_hashing.TestPasswordVerification" name="test_verify_empty_password" time="0.639" /><testcase classname="tests.test_hashing.TestPasswordVerification" name="test_verify_whitespace_password" time="0.640" /><testcase classname="tests.test_hashing.TestPasswordVerification" name="test_verify_multiple_passwords" time="1.927" /><testcase classname="tests.test_hashing.TestHashSecurity" name="test_hash_timing_consistency" time="0.644" /><testcase classname="tests.test_hashing.TestHashSecurity" name="test_verify_timing_consistency" time="0.640" /><testcase classname="tests.test_hashing.TestHashSecurity" name="test_salt_randomness" time="2.135" /><testcase classname="tests.test_hashing.TestHashSecurity" name="test_hash_strength" time="0.215" /><testcase classname="tests.test_hashing.TestErrorHandling" name="test_verify_invalid_hash_format" time="0.000" /><testcase classname="tests.test_hashing.TestErrorHandling" name="test_verify_none_hash" time="0.427" /><testcase classname="tests.test_hashing.TestErrorHandling" name="test_bcrypt_none_password" time="0.000" /><testcase classname="tests.test_hashing.TestErrorHandling" name="test_verify_none_password" time="0.214" /><testcase classname="tests.test_hashing.TestErrorHandling" name="test_bcrypt_context_error_handling" time="0.001" /><testcase classname="tests.test_hashing.TestErrorHandling" name="test_verify_context_error_handling" time="0.000" /><testcase classname="tests.test_hashing.TestPerformance" name="test_hashing_performance" time="0.214" /><testcase classname="tests.test_hashing.TestPerformance" name="test_verification_performance" time="0.429" /><testcase classname="tests.test_hashing.TestPerformance" name="test_multiple_operations_performance" time="2.147" /><testcase classname="tests.test_hashing.TestEdgeCases" name="test_very_long_password" time="0.432" /><testcase classname="tests.test_hashing.TestEdgeCases" name="test_password_size_limit" time="0.000" /><testcase classname="tests.test_hashing.TestEdgeCases" name="test_binary_like_password_safe" time="0.428" /><testcase classname="tests.test_hashing.TestEdgeCases" name="test_null_byte_password_error" time="0.000" /><testcase classname="tests.test_hashing.TestEdgeCases" name="test_newline_password" time="0.432" /><testcase classname="tests.test_hashing.TestEdgeCases" name="test_numeric_only_password" time="0.659" /><testcase classname="tests.test_hashing.TestIntegration" name="test_full_password_lifecycle" time="1.267" /><testcase classname="tests.test_hashing.TestIntegration" name="test_cross_platform_compatibility" time="0.217" /><testcase classname="tests.test_hashing.TestIntegration" name="test_concurrent_operations_simulation" time="23.675" /><testcase classname="tests.test_integration.TestHealthCheck" name="test_root_endpoint" time="0.018" /><testcase classname="tests.test_integration.TestHealthCheck" name="test_async_root_endpoint" time="0.001" /><testcase classname="tests.test_integration.TestAPIDocumentation" name="test_docs_endpoint" time="0.001" /><testcase classname="tests.test_integration.TestAPIDocumentation" name="test_redoc_endpoint" time="0.001" /><testcase classname="tests.test_integration.TestAPIDocumentation" name="test_openapi_json" time="0.011" /><testcase classname="tests.test_integration.TestArticleAPI" name="test_articles_endpoint_exists" time="0.002" /><testcase classname="tests.test_integration.TestArticleAPI" name="test_articles_async" time="0.001" /><testcase classname="tests.test_integration.TestUserAPI" name="test_user_registration_endpoint" time="0.001" /><testcase classname="tests.test_integration.TestAuthAPI" name="test_login_endpoint" time="0.001" /><testcase classname="tests.test_integration.TestCORSConfiguration" name="test_cors_preflight" time="0.001" /><testcase classname="tests.test_integration.TestErrorHandling" name="test_nonexistent_endpoint" time="0.001" /><testcase classname="tests.test_integration.TestErrorHandling" name="test_method_not_allowed" time="0.001" /><testcase classname="tests.test_integration.TestApplicationStartup" name="test_app_creation" time="0.000" /><testcase classname="tests.test_integration.TestApplicationStartup" name="test_app_routes" time="0.000" /><testcase classname="tests.test_models.TestArticleModel" name="test_article_table_name" time="0.000" /><testcase classname="tests.test_models.TestArticleModel" name="test_article_columns_definition" time="0.000" /><testcase classname="tests.test_models.TestArticleModel" name="test_article_creation" time="0.007" /><testcase classname="tests.test_models.TestArticleModel" name="test_article_with_user_id" time="0.000" /><testcase classname="tests.test_models.TestArticleModel" name="test_article_post_init" time="0.001" /><testcase classname="tests.test_models.TestArticleModel" name="test_article_relationship_definition" time="0.000" /><testcase classname="tests.test_models.TestUserModel" name="test_user_table_name" time="0.000" /><testcase classname="tests.test_models.TestUserModel" name="test_user_columns_definition" time="0.000" /><testcase classname="tests.test_models.TestUserModel" name="test_user_creation" time="0.000" /><testcase classname="tests.test_models.TestUserModel" name="test_user_optional_fields" time="0.000" /><testcase classname="tests.test_models.TestUserModel" name="test_user_is_active_custom_value" time="0.000" /><testcase classname="tests.test_models.TestUserModel" name="test_user_relationship_definition" time="0.000" /><testcase classname="tests.test_models.TestEmailVerificationModel" name="test_email_verification_table_name" time="0.000" /><testcase classname="tests.test_models.TestEmailVerificationModel" name="test_email_verification_columns_definition" time="0.000" /><testcase classname="tests.test_models.TestEmailVerificationModel" name="test_email_verification_creation" time="0.000" /><testcase classname="tests.test_models.TestEmailVerificationModel" name="test_email_verification_with_datetime" time="0.001" /><testcase classname="tests.test_models.TestEmailVerificationModel" name="test_create_verification_class_method" time="0.001" /><testcase classname="tests.test_models.TestEmailVerificationModel" name="test_create_verification_returns_instance" time="0.000" /><testcase classname="tests.test_models.TestModelRelationships" name="test_article_user_relationship_consistency" time="0.000" /><testcase classname="tests.test_models.TestModelRelationships" name="test_foreign_key_consistency" time="0.000" /><testcase classname="tests.test_models.TestModelTableStructure" name="test_all_models_inherit_from_base" time="0.000" /><testcase classname="tests.test_models.TestModelTableStructure" name="test_table_names_are_unique" time="0.000" /><testcase classname="tests.test_models.TestModelTableStructure" name="test_model_docstrings_exist" time="0.000" /><testcase classname="tests.test_models.TestModelsIntegration" name="test_user_article_relationship_in_db" time="0.011" /><testcase classname="tests.test_models.TestModelsIntegration" name="test_email_verification_in_db" time="0.004" /><testcase classname="tests.test_models.TestModelsIntegration" name="test_unique_constraints" time="0.002" /><testcase classname="tests.test_oauth2.TestOAuth2Scheme" name="test_oauth2_scheme_creation" time="0.000" /><testcase classname="tests.test_oauth2.TestOAuth2Scheme" name="test_oauth2_scheme_attributes" time="0.000" /><testcase classname="tests.test_oauth2.TestGetCurrentUser" name="test_get_current_user_success" time="0.004" /><testcase classname="tests.test_oauth2.TestGetCurrentUser" name="test_get_current_user_invalid_token_format" time="0.001" /><testcase classname="tests.test_oauth2.TestGetCurrentUser" name="test_get_current_user_expired_token" time="0.002" /><testcase classname="tests.test_oauth2.TestGetCurrentUser" name="test_get_current_user_invalid_signature" time="0.002" /><testcase classname="tests.test_oauth2.TestGetCurrentUser" name="test_get_current_user_missing_sub_claim" time="0.001" /><testcase classname="tests.test_oauth2.TestGetCurrentUser" name="test_get_current_user_missing_id_claim" time="0.001" /><testcase classname="tests.test_oauth2.TestGetCurrentUser" name="test_get_current_user_user_not_found" time="0.002" /><testcase classname="tests.test_oauth2.TestGetCurrentUser" name="test_get_current_user_no_secret_key" time="0.001" /><testcase classname="tests.test_oauth2.TestGetCurrentUser" name="test_get_current_user_jwt_error_handling" time="0.002" /><testcase classname="tests.test_oauth2.TestGetCurrentUser" name="test_get_current_user_with_inactive_user" time="0.003" /><testcase classname="tests.test_oauth2.TestTokenDataIntegration" name="test_token_data_creation_from_payload" time="0.000" /><testcase classname="tests.test_oauth2.TestTokenDataIntegration" name="test_token_data_optional_email" time="0.000" /><testcase classname="tests.test_oauth2.TestAlgorithmConfiguration" name="test_algorithm_default_value" time="0.000" /><testcase classname="tests.test_oauth2.TestAlgorithmConfiguration" name="test_algorithm_from_environment" time="0.000" /><testcase classname="tests.test_oauth2.TestDependencyInjection" name="test_oauth2_scheme_dependency" time="0.000" /><testcase classname="tests.test_oauth2.TestSecurityHeaders" name="test_credentials_exception_headers" time="0.000" /><testcase classname="tests.test_oauth2.TestDatabaseIntegration" name="test_user_query_performance" time="0.004" /><testcase classname="tests.test_oauth2.TestDatabaseIntegration" name="test_database_transaction_handling" time="0.003" /><testcase classname="tests.test_oauth2.TestErrorLogging" name="test_jwt_error_logging" time="0.001" /><testcase classname="tests.test_oauth2.TestEdgeCases" name="test_empty_token" time="0.000" /><testcase classname="tests.test_oauth2.TestEdgeCases" name="test_none_token" time="0.000" /><testcase classname="tests.test_oauth2.TestEdgeCases" name="test_malformed_base64_token" time="0.000" /><testcase classname="tests.test_oauth2.TestEdgeCases" name="test_large_token" time="0.001" /><testcase classname="tests.test_oauth2.TestTypeConversion" name="test_string_id_conversion" time="0.001" /><testcase classname="tests.test_oauth2.TestTypeConversion" name="test_non_numeric_id" time="0.000" /><testcase classname="tests.test_schemas.TestLengthMismatchError" name="test_custom_exception" time="0.000" /><testcase classname="tests.test_schemas.TestArticleBase" name="test_valid_article_creation" time="0.000" /><testcase classname="tests.test_schemas.TestArticleBase" name="test_required_fields" time="0.001" /><testcase classname="tests.test_schemas.TestArticleBase" name="test_title_max_length_validation" time="0.000" /><testcase classname="tests.test_schemas.TestArticleBase" name="test_body_max_length_validation" time="0.000" /><testcase classname="tests.test_schemas.TestArticleBase" name="test_body_html_conversion" time="0.013" /><testcase classname="tests.test_schemas.TestArticleBase" name="test_optional_fields" time="0.000" /><testcase classname="tests.test_schemas.TestArticle" name="test_article_inheritance" time="0.000" /><testcase classname="tests.test_schemas.TestUser" name="test_valid_user_creation" time="0.003" /><testcase classname="tests.test_schemas.TestUser" name="test_email_validation" time="0.001" /><testcase classname="tests.test_schemas.TestUser" name="test_email_max_length" time="0.000" /><testcase classname="tests.test_schemas.TestUser" name="test_password_max_length" time="0.000" /><testcase classname="tests.test_schemas.TestUser" name="test_optional_fields" time="0.000" /><testcase classname="tests.test_schemas.TestShowUser" name="test_show_user_with_blogs" time="0.000" /><testcase classname="tests.test_schemas.TestShowArticle" name="test_show_article_with_body_html" time="0.000" /><testcase classname="tests.test_schemas.TestShowArticle" name="test_body_html_with_none_body" time="0.000" /><testcase classname="tests.test_schemas.TestLogin" name="test_valid_login" time="0.000" /><testcase classname="tests.test_schemas.TestLogin" name="test_login_email_validation" time="0.000" /><testcase classname="tests.test_schemas.TestLogin" name="test_password_max_length" time="0.000" /><testcase classname="tests.test_schemas.TestPasswordChange" name="test_valid_password_change" time="0.000" /><testcase classname="tests.test_schemas.TestPasswordChange" name="test_username_email_validation" time="0.000" /><testcase classname="tests.test_schemas.TestPasswordChange" name="test_new_password_min_length" time="0.000" /><testcase classname="tests.test_schemas.TestPasswordChange" name="test_required_fields" time="0.000" /><testcase classname="tests.test_schemas.TestToken" name="test_token_creation" time="0.000" /><testcase classname="tests.test_schemas.TestTokenData" name="test_token_data_with_email" time="0.000" /><testcase classname="tests.test_schemas.TestTokenData" name="test_token_data_without_email" time="0.000" /><testcase classname="tests.test_schemas.TestPublicArticle" name="test_public_article_creation" time="0.000" /><testcase classname="tests.test_schemas.TestPublicArticle" name="test_required_fields" time="0.000" /><testcase classname="tests.test_schemas.TestAccountDeletionRequest" name="test_valid_deletion_request" time="0.000" /><testcase classname="tests.test_schemas.TestAccountDeletionRequest" name="test_email_validation_for_deletion" time="0.000" /><testcase classname="tests.test_schemas.TestAccountDeletionRequest" name="test_password_min_length" time="0.000" /><testcase classname="tests.test_schemas.TestAccountDeletionRequest" name="test_validate_passwords_match_success" time="0.000" /><testcase classname="tests.test_schemas.TestAccountDeletionRequest" name="test_validate_passwords_match_failure" time="0.000" /></testsuite></testsuites>