<?xml version="1.0" encoding="utf-8"?><testsuites><testsuite name="pytest" errors="0" failures="0" skipped="0" tests="26" time="0.162" timestamp="2025-06-02T13:25:32.051548+09:00" hostname="osakatatsuhikonoMac-mini.local"><testcase classname="tests.test_database.TestCheckEnvFile" name="test_check_env_file_default_path" time="0.000" /><testcase classname="tests.test_database.TestCheckEnvFile" name="test_check_env_file_custom_str_path" time="0.000" /><testcase classname="tests.test_database.TestCheckEnvFile" name="test_check_env_file_custom_path_object" time="0.000" /><testcase classname="tests.test_database.TestCheckEnvFile" name="test_check_env_file_existing_file" time="0.004" /><testcase classname="tests.test_database.TestCheckEnvFile" name="test_check_env_file_non_existing_file" time="0.001" /><testcase classname="tests.test_database.TestReadEnvVar" name="test_read_env_var_all_variables_set" time="0.001" /><testcase classname="tests.test_database.TestReadEnvVar" name="test_read_env_var_single_cors_origin" time="0.001" /><testcase classname="tests.test_database.TestReadEnvVar" name="test_read_env_var_posgre_url_fallback" time="0.001" /><testcase classname="tests.test_database.TestReadEnvVar" name="test_read_env_var_missing_variables" time="0.001" /><testcase classname="tests.test_database.TestReadEnvVar" name="test_read_env_var_empty_file" time="0.001" /><testcase classname="tests.test_database.TestCreateDatabaseEngine" name="test_create_database_engine_production" time="0.000" /><testcase classname="tests.test_database.TestCreateDatabaseEngine" name="test_create_database_engine_development" time="0.000" /><testcase classname="tests.test_database.TestCreateDatabaseEngine" name="test_create_database_engine_no_environment" time="0.000" /><testcase classname="tests.test_database.TestCreateDatabaseEngine" name="test_create_database_engine_production_no_url" time="0.001" /><testcase classname="tests.test_database.TestCreateDatabaseEngine" name="test_create_database_engine_production_invalid_url" time="0.001" /><testcase classname="tests.test_database.TestCreateDatabaseEngine" name="test_create_database_engine_exception_handling" time="0.000" /><testcase classname="tests.test_database.TestCreateSession" name="test_create_session_success" time="0.001" /><testcase classname="tests.test_database.TestCreateSession" name="test_create_session_exception" time="0.001" /><testcase classname="tests.test_database.TestGetDb" name="test_get_db_success" time="0.001" /><testcase classname="tests.test_database.TestGetDb" name="test_get_db_exception_handling" time="0.001" /><testcase classname="tests.test_database.TestDatabaseConnectionError" name="test_database_connection_error" time="0.000" /><testcase classname="tests.test_database.TestEnvironmentConfig" name="test_environment_config_type_structure" time="0.000" /><testcase classname="tests.test_database.TestEnvironmentConfig" name="test_environment_config_optional_fields" time="0.000" /><testcase classname="tests.test_database.TestEnvironmentConfig" name="test_environment_config_empty" time="0.000" /><testcase classname="tests.test_database.TestBase" name="test_base_class_inheritance" time="0.001" /><testcase classname="tests.test_database.TestIntegration" name="test_full_database_setup_development" time="0.001" /></testsuite></testsuites>