<?xml version="1.0" encoding="utf-8"?><testsuites><testsuite name="pytest" errors="0" failures="0" skipped="0" tests="33" time="5.662" timestamp="2025-06-02T17:31:37.818160+09:00" hostname="osakatatsuhikonoMac-mini.local"><testcase classname="tests.test_auth_router_final.TestAuthRouterFinal" name="test_login_success" time="0.484" /><testcase classname="tests.test_auth_router_final.TestAuthRouterFinal" name="test_login_user_not_found" time="0.005" /><testcase classname="tests.test_auth_router_final.TestAuthRouterFinal" name="test_login_invalid_password" time="0.449" /><testcase classname="tests.test_auth_router_final.TestAuthRouterFinal" name="test_login_null_password_user" time="0.005" /><testcase classname="tests.test_auth_router_final.TestAuthRouterFinal" name="test_logout_success" time="0.002" /><testcase classname="tests.test_auth_router_final.TestAuthRouterFinal" name="test_logout_missing_token" time="0.002" /><testcase classname="tests.test_auth_router_final.TestAuthRouterFinal" name="test_logout_invalid_token" time="0.002" /><testcase classname="tests.test_auth_router_final.TestAuthRouterFinal" name="test_logout_malformed_header" time="0.002" /><testcase classname="tests.test_auth_router_final.TestAuthRouterFinal" name="test_verify_token_success" time="0.001" /><testcase classname="tests.test_auth_router_final.TestAuthRouterFinal" name="test_verify_token_blacklisted" time="0.000" /><testcase classname="tests.test_auth_router_final.TestAuthRouterFinal" name="test_verify_token_invalid_signature" time="0.000" /><testcase classname="tests.test_auth_router_final.TestAuthRouterFinal" name="test_verify_token_missing_subject" time="0.000" /><testcase classname="tests.test_auth_router_final.TestAuthRouterFinal" name="test_verify_token_malformed" time="0.000" /><testcase classname="tests.test_auth_router_final.TestAuthRouterFinal" name="test_change_password_success" time="0.656" /><testcase classname="tests.test_auth_router_final.TestAuthRouterFinal" name="test_change_password_user_not_found" time="0.003" /><testcase classname="tests.test_auth_router_final.TestAuthRouterFinal" name="test_change_password_invalid_temp_password" time="0.431" /><testcase classname="tests.test_auth_router_final.TestAuthRouterFinal" name="test_change_password_database_error" time="0.649" /><testcase classname="tests.test_auth_router_final.TestAuthRouterFinal" name="test_change_password_email_failure" time="0.645" /><testcase classname="tests.test_auth_router_final.TestAuthRouterFinal" name="test_change_password_user_name_none" time="0.646" /><testcase classname="tests.test_auth_router_final.TestAuthRouterFinal" name="test_get_all_articles_success" time="0.007" /><testcase classname="tests.test_auth_router_final.TestAuthRouterFinal" name="test_get_all_articles_empty" time="0.002" /><testcase classname="tests.test_auth_router_final.TestAuthRouterFinal" name="test_get_all_articles_multiple" time="0.003" /><testcase classname="tests.test_auth_router_final.TestAuthRouterFinal" name="test_get_db_success" time="0.001" /><testcase classname="tests.test_auth_router_final.TestAuthRouterFinal" name="test_get_db_with_exception" time="0.000" /><testcase classname="tests.test_auth_router_final.TestAuthRouterFinal" name="test_login_missing_username" time="0.004" /><testcase classname="tests.test_auth_router_final.TestAuthRouterFinal" name="test_login_missing_password" time="0.003" /><testcase classname="tests.test_auth_router_final.TestAuthRouterFinal" name="test_change_password_invalid_format" time="0.002" /><testcase classname="tests.test_auth_router_final.TestAuthRouterFinal" name="test_change_password_short_password" time="0.002" /><testcase classname="tests.test_auth_router_final.TestAuthRouterFinal" name="test_password_hashing_security" time="0.645" /><testcase classname="tests.test_auth_router_final.TestAuthRouterFinal" name="test_jwt_token_security" time="0.001" /><testcase classname="tests.test_auth_router_final.TestAuthRouterFinal" name="test_full_auth_flow" time="0.509" /><testcase classname="tests.test_auth_router_final.TestAuthRouterFinal" name="test_login_response_type" time="0.000" /><testcase classname="tests.test_auth_router_final.TestAuthRouterFinal" name="test_password_change_response_type" time="0.000" /></testsuite></testsuites>